<?xml version="1.0" encoding="UTF-8"?>
<robot generator="Robot 6.1.1 (Python 3.9.12 on win32)" generated="20231225 20:35:09.936" rpa="false" schemaversion="4">
<suite id="s1" name="Smoke" source="D:\Docs\Scripting\PyCharm\karirlab-qa-automation\tests\smoke">
<suite id="s1-s1" name="Job Applied" source="D:\Docs\Scripting\PyCharm\karirlab-qa-automation\tests\smoke\job_applied.robot">
<kw name="Login as normal user" library="browser" type="SETUP">
<arg>staging</arg>
<arg>login</arg>
<arg>headless=False</arg>
<kw name="Environment Selector" library="browser">
<var>${base}</var>
<arg>${environment}</arg>
<kw name="Convert To Lower Case" library="String">
<var>${env}</var>
<arg>${enviro}</arg>
<doc>Converts string to lower case.</doc>
<msg timestamp="20231225 20:35:10.656" level="INFO">${env} = staging</msg>
<status status="PASS" starttime="20231225 20:35:10.655" endtime="20231225 20:35:10.658"/>
</kw>
<kw name="Run Keyword If" library="BuiltIn">
<var>${selected_enviro}</var>
<arg>'${env}' == 'prod'</arg>
<arg>Return From Keyword</arg>
<arg>${KL_PROD}</arg>
<arg>ELSE IF</arg>
<arg>'${env}' == 'staging'</arg>
<arg>Return From Keyword</arg>
<arg>${KL_STAGING}</arg>
<arg>ELSE IF</arg>
<arg>'${env}' == 'dev-a'</arg>
<arg>Return From Keyword</arg>
<arg>${KL_DEV_A}</arg>
<arg>ELSE IF</arg>
<arg>'${env}' == 'dev-b'</arg>
<arg>Return From Keyword</arg>
<arg>${KL_DEV_B}</arg>
<arg>ELSE IF</arg>
<arg>'${env}' == 'dev-c'</arg>
<arg>Return From Keyword</arg>
<arg>${KL_DEV_C}</arg>
<doc>Runs the given keyword with the given arguments, if ``condition`` is true.</doc>
<kw name="Return From Keyword" library="BuiltIn">
<arg>${KL_STAGING}</arg>
<doc>Returns from the enclosing user keyword.</doc>
<msg timestamp="20231225 20:35:10.661" level="INFO">Returning from the enclosing user keyword.</msg>
<status status="PASS" starttime="20231225 20:35:10.660" endtime="20231225 20:35:10.661"/>
</kw>
<status status="PASS" starttime="20231225 20:35:10.659" endtime="20231225 20:35:10.661"/>
</kw>
<msg timestamp="20231225 20:35:10.661" level="INFO">${base} = https://staging.karirlab.co</msg>
<status status="PASS" starttime="20231225 20:35:10.655" endtime="20231225 20:35:10.661"/>
</kw>
<kw name="Page Selector" library="browser">
<var>${path}</var>
<arg>${page_name}</arg>
<kw name="Run Keyword If" library="BuiltIn">
<var>${page}</var>
<arg>'${base_url}' != 'None'</arg>
<arg>Convert To Lower Case</arg>
<arg>${base_url}</arg>
<doc>Runs the given keyword with the given arguments, if ``condition`` is true.</doc>
<kw name="Convert To Lower Case" library="String">
<arg>${base_url}</arg>
<doc>Converts string to lower case.</doc>
<status status="PASS" starttime="20231225 20:35:10.663" endtime="20231225 20:35:10.663"/>
</kw>
<msg timestamp="20231225 20:35:10.663" level="INFO">${page} = login</msg>
<status status="PASS" starttime="20231225 20:35:10.662" endtime="20231225 20:35:10.664"/>
</kw>
<kw name="Run Keyword If" library="BuiltIn">
<var>${selected_page}</var>
<arg>'${page}' == 'None'</arg>
<arg>Return From Keyword</arg>
<arg>${EMPTY}</arg>
<arg>ELSE IF</arg>
<arg>'${page}' == 'event'</arg>
<arg>Return From Keyword</arg>
<arg>/event</arg>
<arg>ELSE IF</arg>
<arg>'${page}' == 'job'</arg>
<arg>Return From Keyword</arg>
<arg>/job</arg>
<arg>ELSE IF</arg>
<arg>'${page}' == 'company'</arg>
<arg>Return From Keyword</arg>
<arg>/company</arg>
<arg>ELSE IF</arg>
<arg>'${page}' == 'signup'</arg>
<arg>Return From Keyword</arg>
<arg>/sign-up</arg>
<arg>ELSE IF</arg>
<arg>'${page}' == 'login'</arg>
<arg>Return From Keyword</arg>
<arg>/login</arg>
<doc>Runs the given keyword with the given arguments, if ``condition`` is true.</doc>
<kw name="Return From Keyword" library="BuiltIn">
<arg>/login</arg>
<doc>Returns from the enclosing user keyword.</doc>
<msg timestamp="20231225 20:35:10.666" level="INFO">Returning from the enclosing user keyword.</msg>
<status status="PASS" starttime="20231225 20:35:10.665" endtime="20231225 20:35:10.666"/>
</kw>
<status status="PASS" starttime="20231225 20:35:10.664" endtime="20231225 20:35:10.666"/>
</kw>
<msg timestamp="20231225 20:35:10.666" level="INFO">${path} = /login</msg>
<status status="PASS" starttime="20231225 20:35:10.662" endtime="20231225 20:35:10.666"/>
</kw>
<kw name="Mode Selector" library="browser">
<var>${used_browser}</var>
<arg>${headless}</arg>
<kw name="Run Keyword If" library="BuiltIn">
<var>${selected_mode}</var>
<arg>'${mode}' == 'False'</arg>
<arg>Return From Keyword</arg>
<arg>${BROWSER}</arg>
<arg>ELSE IF</arg>
<arg>'${mode}' == 'True'</arg>
<arg>Return From Keyword</arg>
<arg>headless${BROWSER}</arg>
<doc>Runs the given keyword with the given arguments, if ``condition`` is true.</doc>
<kw name="Return From Keyword" library="BuiltIn">
<arg>${BROWSER}</arg>
<doc>Returns from the enclosing user keyword.</doc>
<msg timestamp="20231225 20:35:10.669" level="INFO">Returning from the enclosing user keyword.</msg>
<status status="PASS" starttime="20231225 20:35:10.669" endtime="20231225 20:35:10.669"/>
</kw>
<status status="PASS" starttime="20231225 20:35:10.668" endtime="20231225 20:35:10.670"/>
</kw>
<msg timestamp="20231225 20:35:10.670" level="INFO">${used_browser} = chrome</msg>
<status status="PASS" starttime="20231225 20:35:10.666" endtime="20231225 20:35:10.670"/>
</kw>
<kw name="Get account" library="browser">
<var>${account}</var>
<arg>normal</arg>
<kw name="Get File" library="OperatingSystem">
<var>${raw_data}</var>
<arg>data/account/credentials.json</arg>
<doc>Returns the contents of a specified file.</doc>
<msg timestamp="20231225 20:35:10.671" level="INFO" html="true">Getting file '&lt;a href="file://D:\Docs\Scripting\PyCharm\karirlab-qa-automation\resources\data\account\credentials.json"&gt;D:\Docs\Scripting\PyCharm\karirlab-qa-automation\resources\data\account\credentials.json&lt;/a&gt;'.</msg>
<msg timestamp="20231225 20:35:10.672" level="FAIL">FileNotFoundError: [Errno 2] No such file or directory: 'D:\\Docs\\Scripting\\PyCharm\\karirlab-qa-automation\\resources\\data\\account\\credentials.json'</msg>
<status status="FAIL" starttime="20231225 20:35:10.671" endtime="20231225 20:35:10.672"/>
</kw>
<kw name="Evaluate" library="BuiltIn">
<var>${json}</var>
<arg>json.loads('''${raw_data}''')</arg>
<doc>Evaluates the given expression in Python and returns the result.</doc>
<status status="NOT RUN" starttime="20231225 20:35:10.672" endtime="20231225 20:35:10.673"/>
</kw>
<kw name="Set Variable" library="BuiltIn">
<var>${account}</var>
<arg>${EMPTY}</arg>
<doc>Returns the given values which can then be assigned to a variables.</doc>
<status status="NOT RUN" starttime="20231225 20:35:10.673" endtime="20231225 20:35:10.673"/>
</kw>
<for flavor="IN">
<var>${account}</var>
<value>@{json}</value>
<iter>
<var name="${account}"/>
<for flavor="IN">
<var>${credential}</var>
<value>@{account}</value>
<iter>
<var name="${credential}"/>
<if>
<branch type="IF" condition="&quot;${credential}&quot; == &quot;${account_type}&quot;">
<kw name="Set Variable" library="BuiltIn">
<var>${account}</var>
<arg>${account}[${credential}]</arg>
<doc>Returns the given values which can then be assigned to a variables.</doc>
<status status="NOT RUN" starttime="20231225 20:35:10.675" endtime="20231225 20:35:10.676"/>
</kw>
<return>
<value>${account}</value>
<status status="NOT RUN" starttime="20231225 20:35:10.676" endtime="20231225 20:35:10.676"/>
</return>
<status status="NOT RUN" starttime="20231225 20:35:10.675" endtime="20231225 20:35:10.676"/>
</branch>
<status status="NOT RUN" starttime="20231225 20:35:10.675" endtime="20231225 20:35:10.676"/>
</if>
<status status="NOT RUN" starttime="20231225 20:35:10.674" endtime="20231225 20:35:10.676"/>
</iter>
<status status="NOT RUN" starttime="20231225 20:35:10.674" endtime="20231225 20:35:10.677"/>
</for>
<status status="NOT RUN" starttime="20231225 20:35:10.674" endtime="20231225 20:35:10.677"/>
</iter>
<status status="NOT RUN" starttime="20231225 20:35:10.673" endtime="20231225 20:35:10.677"/>
</for>
<status status="FAIL" starttime="20231225 20:35:10.670" endtime="20231225 20:35:10.677"/>
</kw>
<kw name="Log" library="BuiltIn">
<arg>${account}</arg>
<doc>Logs the given message with the given level.</doc>
<status status="NOT RUN" starttime="20231225 20:35:10.678" endtime="20231225 20:35:10.678"/>
</kw>
<kw name="Open Browser" library="SeleniumLibrary">
<arg>${base}${path}</arg>
<arg>${used_browser}</arg>
<doc>Opens a new browser instance to the optional ``url``.</doc>
<status status="NOT RUN" starttime="20231225 20:35:10.678" endtime="20231225 20:35:10.678"/>
</kw>
<kw name="Maximize Browser Window" library="SeleniumLibrary">
<doc>Maximizes current browser window.</doc>
<status status="NOT RUN" starttime="20231225 20:35:10.679" endtime="20231225 20:35:10.679"/>
</kw>
<kw name="Input Text" library="SeleniumLibrary">
<arg>${email_field}</arg>
<arg>${account['email']}</arg>
<doc>Types the given ``text`` into the text field identified by ``locator``.</doc>
<status status="NOT RUN" starttime="20231225 20:35:10.679" endtime="20231225 20:35:10.679"/>
</kw>
<kw name="Input Text" library="SeleniumLibrary">
<arg>${password_field}</arg>
<arg>${account['password']}</arg>
<doc>Types the given ``text`` into the text field identified by ``locator``.</doc>
<status status="NOT RUN" starttime="20231225 20:35:10.680" endtime="20231225 20:35:10.680"/>
</kw>
<kw name="Click Element" library="SeleniumLibrary">
<arg>${button_masuk}</arg>
<doc>Click the element identified by ``locator``.</doc>
<status status="NOT RUN" starttime="20231225 20:35:10.680" endtime="20231225 20:35:10.680"/>
</kw>
<kw name="Wait Until Location Is" library="SeleniumLibrary">
<arg>https://staging.karirlab.co/dashboard</arg>
<doc>Waits until the current URL is ``expected``.</doc>
<status status="NOT RUN" starttime="20231225 20:35:10.681" endtime="20231225 20:35:10.681"/>
</kw>
<status status="FAIL" starttime="20231225 20:35:10.653" endtime="20231225 20:35:10.681"/>
</kw>
<test id="s1-s1-t1" name="Applied job &gt; 60 minutes state: Validate header component" line="8">
<status status="FAIL" starttime="20231225 20:35:10.681" endtime="20231225 20:35:10.682">Parent suite setup failed:
FileNotFoundError: [Errno 2] No such file or directory: 'D:\\Docs\\Scripting\\PyCharm\\karirlab-qa-automation\\resources\\data\\account\\credentials.json'</status>
</test>
<test id="s1-s1-t2" name="Applied job &gt; 60 minutes state: Employers profile component" line="16">
<status status="FAIL" starttime="20231225 20:35:10.683" endtime="20231225 20:35:10.684">Parent suite setup failed:
FileNotFoundError: [Errno 2] No such file or directory: 'D:\\Docs\\Scripting\\PyCharm\\karirlab-qa-automation\\resources\\data\\account\\credentials.json'</status>
</test>
<kw name="Close Browser" library="SeleniumLibrary" type="TEARDOWN">
<doc>Closes the current browser.</doc>
<status status="PASS" starttime="20231225 20:35:10.686" endtime="20231225 20:35:10.686"/>
</kw>
<status status="FAIL" starttime="20231225 20:35:10.061" endtime="20231225 20:35:10.686">Suite setup failed:
FileNotFoundError: [Errno 2] No such file or directory: 'D:\\Docs\\Scripting\\PyCharm\\karirlab-qa-automation\\resources\\data\\account\\credentials.json'</status>
</suite>
<suite id="s1-s2" name="Job Apply" source="D:\Docs\Scripting\PyCharm\karirlab-qa-automation\tests\smoke\job_apply.robot">
<kw name="Login as normal user" library="browser" type="SETUP">
<arg>staging</arg>
<arg>login</arg>
<arg>headless=False</arg>
<kw name="Environment Selector" library="browser">
<var>${base}</var>
<arg>${environment}</arg>
<kw name="Convert To Lower Case" library="String">
<var>${env}</var>
<arg>${enviro}</arg>
<doc>Converts string to lower case.</doc>
<msg timestamp="20231225 20:35:10.735" level="INFO">${env} = staging</msg>
<status status="PASS" starttime="20231225 20:35:10.735" endtime="20231225 20:35:10.736"/>
</kw>
<kw name="Run Keyword If" library="BuiltIn">
<var>${selected_enviro}</var>
<arg>'${env}' == 'prod'</arg>
<arg>Return From Keyword</arg>
<arg>${KL_PROD}</arg>
<arg>ELSE IF</arg>
<arg>'${env}' == 'staging'</arg>
<arg>Return From Keyword</arg>
<arg>${KL_STAGING}</arg>
<arg>ELSE IF</arg>
<arg>'${env}' == 'dev-a'</arg>
<arg>Return From Keyword</arg>
<arg>${KL_DEV_A}</arg>
<arg>ELSE IF</arg>
<arg>'${env}' == 'dev-b'</arg>
<arg>Return From Keyword</arg>
<arg>${KL_DEV_B}</arg>
<arg>ELSE IF</arg>
<arg>'${env}' == 'dev-c'</arg>
<arg>Return From Keyword</arg>
<arg>${KL_DEV_C}</arg>
<doc>Runs the given keyword with the given arguments, if ``condition`` is true.</doc>
<kw name="Return From Keyword" library="BuiltIn">
<arg>${KL_STAGING}</arg>
<doc>Returns from the enclosing user keyword.</doc>
<msg timestamp="20231225 20:35:10.740" level="INFO">Returning from the enclosing user keyword.</msg>
<status status="PASS" starttime="20231225 20:35:10.739" endtime="20231225 20:35:10.740"/>
</kw>
<status status="PASS" starttime="20231225 20:35:10.736" endtime="20231225 20:35:10.740"/>
</kw>
<msg timestamp="20231225 20:35:10.741" level="INFO">${base} = https://staging.karirlab.co</msg>
<status status="PASS" starttime="20231225 20:35:10.734" endtime="20231225 20:35:10.741"/>
</kw>
<kw name="Page Selector" library="browser">
<var>${path}</var>
<arg>${page_name}</arg>
<kw name="Run Keyword If" library="BuiltIn">
<var>${page}</var>
<arg>'${base_url}' != 'None'</arg>
<arg>Convert To Lower Case</arg>
<arg>${base_url}</arg>
<doc>Runs the given keyword with the given arguments, if ``condition`` is true.</doc>
<kw name="Convert To Lower Case" library="String">
<arg>${base_url}</arg>
<doc>Converts string to lower case.</doc>
<status status="PASS" starttime="20231225 20:35:10.742" endtime="20231225 20:35:10.743"/>
</kw>
<msg timestamp="20231225 20:35:10.743" level="INFO">${page} = login</msg>
<status status="PASS" starttime="20231225 20:35:10.742" endtime="20231225 20:35:10.743"/>
</kw>
<kw name="Run Keyword If" library="BuiltIn">
<var>${selected_page}</var>
<arg>'${page}' == 'None'</arg>
<arg>Return From Keyword</arg>
<arg>${EMPTY}</arg>
<arg>ELSE IF</arg>
<arg>'${page}' == 'event'</arg>
<arg>Return From Keyword</arg>
<arg>/event</arg>
<arg>ELSE IF</arg>
<arg>'${page}' == 'job'</arg>
<arg>Return From Keyword</arg>
<arg>/job</arg>
<arg>ELSE IF</arg>
<arg>'${page}' == 'company'</arg>
<arg>Return From Keyword</arg>
<arg>/company</arg>
<arg>ELSE IF</arg>
<arg>'${page}' == 'signup'</arg>
<arg>Return From Keyword</arg>
<arg>/sign-up</arg>
<arg>ELSE IF</arg>
<arg>'${page}' == 'login'</arg>
<arg>Return From Keyword</arg>
<arg>/login</arg>
<doc>Runs the given keyword with the given arguments, if ``condition`` is true.</doc>
<kw name="Return From Keyword" library="BuiltIn">
<arg>/login</arg>
<doc>Returns from the enclosing user keyword.</doc>
<msg timestamp="20231225 20:35:10.745" level="INFO">Returning from the enclosing user keyword.</msg>
<status status="PASS" starttime="20231225 20:35:10.745" endtime="20231225 20:35:10.745"/>
</kw>
<status status="PASS" starttime="20231225 20:35:10.743" endtime="20231225 20:35:10.746"/>
</kw>
<msg timestamp="20231225 20:35:10.746" level="INFO">${path} = /login</msg>
<status status="PASS" starttime="20231225 20:35:10.741" endtime="20231225 20:35:10.746"/>
</kw>
<kw name="Mode Selector" library="browser">
<var>${used_browser}</var>
<arg>${headless}</arg>
<kw name="Run Keyword If" library="BuiltIn">
<var>${selected_mode}</var>
<arg>'${mode}' == 'False'</arg>
<arg>Return From Keyword</arg>
<arg>${BROWSER}</arg>
<arg>ELSE IF</arg>
<arg>'${mode}' == 'True'</arg>
<arg>Return From Keyword</arg>
<arg>headless${BROWSER}</arg>
<doc>Runs the given keyword with the given arguments, if ``condition`` is true.</doc>
<kw name="Return From Keyword" library="BuiltIn">
<arg>${BROWSER}</arg>
<doc>Returns from the enclosing user keyword.</doc>
<msg timestamp="20231225 20:35:10.750" level="INFO">Returning from the enclosing user keyword.</msg>
<status status="PASS" starttime="20231225 20:35:10.749" endtime="20231225 20:35:10.750"/>
</kw>
<status status="PASS" starttime="20231225 20:35:10.748" endtime="20231225 20:35:10.750"/>
</kw>
<msg timestamp="20231225 20:35:10.751" level="INFO">${used_browser} = chrome</msg>
<status status="PASS" starttime="20231225 20:35:10.747" endtime="20231225 20:35:10.751"/>
</kw>
<kw name="Get account" library="browser">
<var>${account}</var>
<arg>normal</arg>
<kw name="Get File" library="OperatingSystem">
<var>${raw_data}</var>
<arg>data/account/credentials.json</arg>
<doc>Returns the contents of a specified file.</doc>
<msg timestamp="20231225 20:35:10.753" level="INFO" html="true">Getting file '&lt;a href="file://D:\Docs\Scripting\PyCharm\karirlab-qa-automation\resources\data\account\credentials.json"&gt;D:\Docs\Scripting\PyCharm\karirlab-qa-automation\resources\data\account\credentials.json&lt;/a&gt;'.</msg>
<msg timestamp="20231225 20:35:10.754" level="FAIL">FileNotFoundError: [Errno 2] No such file or directory: 'D:\\Docs\\Scripting\\PyCharm\\karirlab-qa-automation\\resources\\data\\account\\credentials.json'</msg>
<status status="FAIL" starttime="20231225 20:35:10.753" endtime="20231225 20:35:10.754"/>
</kw>
<kw name="Evaluate" library="BuiltIn">
<var>${json}</var>
<arg>json.loads('''${raw_data}''')</arg>
<doc>Evaluates the given expression in Python and returns the result.</doc>
<status status="NOT RUN" starttime="20231225 20:35:10.755" endtime="20231225 20:35:10.755"/>
</kw>
<kw name="Set Variable" library="BuiltIn">
<var>${account}</var>
<arg>${EMPTY}</arg>
<doc>Returns the given values which can then be assigned to a variables.</doc>
<status status="NOT RUN" starttime="20231225 20:35:10.755" endtime="20231225 20:35:10.756"/>
</kw>
<for flavor="IN">
<var>${account}</var>
<value>@{json}</value>
<iter>
<var name="${account}"/>
<for flavor="IN">
<var>${credential}</var>
<value>@{account}</value>
<iter>
<var name="${credential}"/>
<if>
<branch type="IF" condition="&quot;${credential}&quot; == &quot;${account_type}&quot;">
<kw name="Set Variable" library="BuiltIn">
<var>${account}</var>
<arg>${account}[${credential}]</arg>
<doc>Returns the given values which can then be assigned to a variables.</doc>
<status status="NOT RUN" starttime="20231225 20:35:10.757" endtime="20231225 20:35:10.757"/>
</kw>
<return>
<value>${account}</value>
<status status="NOT RUN" starttime="20231225 20:35:10.758" endtime="20231225 20:35:10.758"/>
</return>
<status status="NOT RUN" starttime="20231225 20:35:10.757" endtime="20231225 20:35:10.758"/>
</branch>
<status status="NOT RUN" starttime="20231225 20:35:10.757" endtime="20231225 20:35:10.758"/>
</if>
<status status="NOT RUN" starttime="20231225 20:35:10.757" endtime="20231225 20:35:10.758"/>
</iter>
<status status="NOT RUN" starttime="20231225 20:35:10.756" endtime="20231225 20:35:10.759"/>
</for>
<status status="NOT RUN" starttime="20231225 20:35:10.756" endtime="20231225 20:35:10.759"/>
</iter>
<status status="NOT RUN" starttime="20231225 20:35:10.756" endtime="20231225 20:35:10.759"/>
</for>
<status status="FAIL" starttime="20231225 20:35:10.752" endtime="20231225 20:35:10.759"/>
</kw>
<kw name="Log" library="BuiltIn">
<arg>${account}</arg>
<doc>Logs the given message with the given level.</doc>
<status status="NOT RUN" starttime="20231225 20:35:10.760" endtime="20231225 20:35:10.760"/>
</kw>
<kw name="Open Browser" library="SeleniumLibrary">
<arg>${base}${path}</arg>
<arg>${used_browser}</arg>
<doc>Opens a new browser instance to the optional ``url``.</doc>
<status status="NOT RUN" starttime="20231225 20:35:10.760" endtime="20231225 20:35:10.760"/>
</kw>
<kw name="Maximize Browser Window" library="SeleniumLibrary">
<doc>Maximizes current browser window.</doc>
<status status="NOT RUN" starttime="20231225 20:35:10.760" endtime="20231225 20:35:10.760"/>
</kw>
<kw name="Input Text" library="SeleniumLibrary">
<arg>${email_field}</arg>
<arg>${account['email']}</arg>
<doc>Types the given ``text`` into the text field identified by ``locator``.</doc>
<status status="NOT RUN" starttime="20231225 20:35:10.761" endtime="20231225 20:35:10.761"/>
</kw>
<kw name="Input Text" library="SeleniumLibrary">
<arg>${password_field}</arg>
<arg>${account['password']}</arg>
<doc>Types the given ``text`` into the text field identified by ``locator``.</doc>
<status status="NOT RUN" starttime="20231225 20:35:10.761" endtime="20231225 20:35:10.761"/>
</kw>
<kw name="Click Element" library="SeleniumLibrary">
<arg>${button_masuk}</arg>
<doc>Click the element identified by ``locator``.</doc>
<status status="NOT RUN" starttime="20231225 20:35:10.762" endtime="20231225 20:35:10.762"/>
</kw>
<kw name="Wait Until Location Is" library="SeleniumLibrary">
<arg>https://staging.karirlab.co/dashboard</arg>
<doc>Waits until the current URL is ``expected``.</doc>
<status status="NOT RUN" starttime="20231225 20:35:10.762" endtime="20231225 20:35:10.763"/>
</kw>
<status status="FAIL" starttime="20231225 20:35:10.733" endtime="20231225 20:35:10.763"/>
</kw>
<test id="s1-s2-t1" name="Validate header &amp; job card component" line="8">
<status status="FAIL" starttime="20231225 20:35:10.763" endtime="20231225 20:35:10.764">Parent suite setup failed:
FileNotFoundError: [Errno 2] No such file or directory: 'D:\\Docs\\Scripting\\PyCharm\\karirlab-qa-automation\\resources\\data\\account\\credentials.json'</status>
</test>
<test id="s1-s2-t2" name="Validate resume section" line="35">
<status status="FAIL" starttime="20231225 20:35:10.765" endtime="20231225 20:35:10.766">Parent suite setup failed:
FileNotFoundError: [Errno 2] No such file or directory: 'D:\\Docs\\Scripting\\PyCharm\\karirlab-qa-automation\\resources\\data\\account\\credentials.json'</status>
</test>
<test id="s1-s2-t3" name="Validate screening question: Existence" line="52">
<status status="FAIL" starttime="20231225 20:35:10.768" endtime="20231225 20:35:10.769">Parent suite setup failed:
FileNotFoundError: [Errno 2] No such file or directory: 'D:\\Docs\\Scripting\\PyCharm\\karirlab-qa-automation\\resources\\data\\account\\credentials.json'</status>
</test>
<test id="s1-s2-t4" name="Validate screening questions: Multiple Choice" line="66">
<status status="FAIL" starttime="20231225 20:35:10.770" endtime="20231225 20:35:10.771">Parent suite setup failed:
FileNotFoundError: [Errno 2] No such file or directory: 'D:\\Docs\\Scripting\\PyCharm\\karirlab-qa-automation\\resources\\data\\account\\credentials.json'</status>
</test>
<test id="s1-s2-t5" name="Validate screening questions: Checkboxes" line="80">
<status status="FAIL" starttime="20231225 20:35:10.772" endtime="20231225 20:35:10.773">Parent suite setup failed:
FileNotFoundError: [Errno 2] No such file or directory: 'D:\\Docs\\Scripting\\PyCharm\\karirlab-qa-automation\\resources\\data\\account\\credentials.json'</status>
</test>
<test id="s1-s2-t6" name="Validate screening questions: Paragraph" line="93">
<status status="FAIL" starttime="20231225 20:35:10.773" endtime="20231225 20:35:10.774">Parent suite setup failed:
FileNotFoundError: [Errno 2] No such file or directory: 'D:\\Docs\\Scripting\\PyCharm\\karirlab-qa-automation\\resources\\data\\account\\credentials.json'</status>
</test>
<test id="s1-s2-t7" name="Validate screening questions: Upload File" line="107">
<status status="FAIL" starttime="20231225 20:35:10.775" endtime="20231225 20:35:10.776">Parent suite setup failed:
FileNotFoundError: [Errno 2] No such file or directory: 'D:\\Docs\\Scripting\\PyCharm\\karirlab-qa-automation\\resources\\data\\account\\credentials.json'</status>
</test>
<test id="s1-s2-t8" name="Validate screening questions: Injecting File" line="129">
<status status="FAIL" starttime="20231225 20:35:10.777" endtime="20231225 20:35:10.779">Parent suite setup failed:
FileNotFoundError: [Errno 2] No such file or directory: 'D:\\Docs\\Scripting\\PyCharm\\karirlab-qa-automation\\resources\\data\\account\\credentials.json'</status>
</test>
<test id="s1-s2-t9" name="Validate apply button" line="155">
<status status="FAIL" starttime="20231225 20:35:10.779" endtime="20231225 20:35:10.781">Parent suite setup failed:
FileNotFoundError: [Errno 2] No such file or directory: 'D:\\Docs\\Scripting\\PyCharm\\karirlab-qa-automation\\resources\\data\\account\\credentials.json'</status>
</test>
<kw name="Close Browser" library="SeleniumLibrary" type="TEARDOWN">
<doc>Closes the current browser.</doc>
<status status="PASS" starttime="20231225 20:35:10.782" endtime="20231225 20:35:10.783"/>
</kw>
<status status="FAIL" starttime="20231225 20:35:10.689" endtime="20231225 20:35:10.783">Suite setup failed:
FileNotFoundError: [Errno 2] No such file or directory: 'D:\\Docs\\Scripting\\PyCharm\\karirlab-qa-automation\\resources\\data\\account\\credentials.json'</status>
</suite>
<suite id="s1-s3" name="Job Details" source="D:\Docs\Scripting\PyCharm\karirlab-qa-automation\tests\smoke\job_details.robot">
<kw name="Open Tested Page" library="detail_job" type="SETUP">
<kw name="Open Browser" library="SeleniumLibrary">
<arg>${URL}</arg>
<arg>headlesschrome</arg>
<doc>Opens a new browser instance to the optional ``url``.</doc>
<msg timestamp="20231225 20:35:10.842" level="INFO">Opening browser 'headlesschrome' to base url 'https://staging.karirlab.co/job/automation-msib-test-status-badges--karirlab'.</msg>
<status status="PASS" starttime="20231225 20:35:10.841" endtime="20231225 20:35:16.246"/>
</kw>
<kw name="Maximize Browser Window" library="SeleniumLibrary">
<doc>Maximizes current browser window.</doc>
<status status="PASS" starttime="20231225 20:35:16.247" endtime="20231225 20:35:16.469"/>
</kw>
<status status="PASS" starttime="20231225 20:35:10.840" endtime="20231225 20:35:16.469"/>
</kw>
<test id="s1-s3-t1" name="Validate breadcrumb component" line="8">
<kw name="Wait Until Element Is Enabled" library="SeleniumLibrary">
<arg>${nav_back}</arg>
<doc>Waits until the element ``locator`` is enabled.</doc>
<status status="PASS" starttime="20231225 20:35:16.471" endtime="20231225 20:35:16.603"/>
</kw>
<kw name="Element Text Should Be" library="SeleniumLibrary">
<arg>${nav_back}</arg>
<arg>Kembali ke daftar lowongan</arg>
<doc>Verifies that element ``locator`` contains exact the text ``expected``.</doc>
<msg timestamp="20231225 20:35:16.605" level="INFO">Verifying element 'xpath://a[contains(@class, 'BackNavigation')]' contains exact text 'Kembali ke daftar lowongan'.</msg>
<status status="PASS" starttime="20231225 20:35:16.603" endtime="20231225 20:35:16.643"/>
</kw>
<kw name="Click Element" library="SeleniumLibrary">
<arg>${nav_back}</arg>
<doc>Click the element identified by ``locator``.</doc>
<msg timestamp="20231225 20:35:16.646" level="INFO">Clicking element 'xpath://a[contains(@class, 'BackNavigation')]'.</msg>
<status status="PASS" starttime="20231225 20:35:16.644" endtime="20231225 20:35:16.778"/>
</kw>
<kw name="Wait Until Location Is Not" library="SeleniumLibrary">
<arg>${URL}</arg>
<doc>Waits until the current URL is not ``location``.</doc>
<status status="PASS" starttime="20231225 20:35:16.779" endtime="20231225 20:35:17.404"/>
</kw>
<kw name="Go Back" library="SeleniumLibrary">
<doc>Simulates the user clicking the back button on their browser.</doc>
<status status="PASS" starttime="20231225 20:35:17.405" endtime="20231225 20:35:17.658"/>
</kw>
<status status="PASS" starttime="20231225 20:35:16.470" endtime="20231225 20:35:17.659"/>
</test>
<test id="s1-s3-t2" name="Validate company detail section" line="15">
<for flavor="IN">
<var>${element}</var>
<value>@{comp_visual}</value>
<iter>
<var name="${element}">xpath:(//span[contains(@class, 'deadline')])[1]</var>
<kw name="Wait Until Element Is Visible" library="SeleniumLibrary">
<arg>${element}</arg>
<doc>Waits until the element ``locator`` is visible.</doc>
<status status="PASS" starttime="20231225 20:35:17.666" endtime="20231225 20:35:20.956"/>
</kw>
<status status="PASS" starttime="20231225 20:35:17.665" endtime="20231225 20:35:20.956"/>
</iter>
<iter>
<var name="${element}">class:ant-image-img</var>
<kw name="Wait Until Element Is Visible" library="SeleniumLibrary">
<arg>${element}</arg>
<doc>Waits until the element ``locator`` is visible.</doc>
<status status="PASS" starttime="20231225 20:35:20.958" endtime="20231225 20:35:21.034"/>
</kw>
<status status="PASS" starttime="20231225 20:35:20.957" endtime="20231225 20:35:21.034"/>
</iter>
<iter>
<var name="${element}">xpath:(//span[@class='ant-typography'])[1]</var>
<kw name="Wait Until Element Is Visible" library="SeleniumLibrary">
<arg>${element}</arg>
<doc>Waits until the element ``locator`` is visible.</doc>
<status status="PASS" starttime="20231225 20:35:21.035" endtime="20231225 20:35:21.070"/>
</kw>
<status status="PASS" starttime="20231225 20:35:21.034" endtime="20231225 20:35:21.070"/>
</iter>
<iter>
<var name="${element}">xpath:(//h4[@class='ant-typography'])[2]</var>
<kw name="Wait Until Element Is Visible" library="SeleniumLibrary">
<arg>${element}</arg>
<doc>Waits until the element ``locator`` is visible.</doc>
<status status="PASS" starttime="20231225 20:35:21.071" endtime="20231225 20:35:21.118"/>
</kw>
<status status="PASS" starttime="20231225 20:35:21.071" endtime="20231225 20:35:21.119"/>
</iter>
<iter>
<var name="${element}">xpath://div[contains(@class, 'jobDetail__chip')]</var>
<kw name="Wait Until Element Is Visible" library="SeleniumLibrary">
<arg>${element}</arg>
<doc>Waits until the element ``locator`` is visible.</doc>
<status status="PASS" starttime="20231225 20:35:21.120" endtime="20231225 20:35:21.164"/>
</kw>
<status status="PASS" starttime="20231225 20:35:21.119" endtime="20231225 20:35:21.164"/>
</iter>
<iter>
<var name="${element}">xpath:(//span[contains(@class, 'chip')])[1]</var>
<kw name="Wait Until Element Is Visible" library="SeleniumLibrary">
<arg>${element}</arg>
<doc>Waits until the element ``locator`` is visible.</doc>
<status status="PASS" starttime="20231225 20:35:21.166" endtime="20231225 20:35:21.204"/>
</kw>
<status status="PASS" starttime="20231225 20:35:21.165" endtime="20231225 20:35:21.204"/>
</iter>
<iter>
<var name="${element}">xpath:(//span[contains(@class, 'chip')])[2]</var>
<kw name="Wait Until Element Is Visible" library="SeleniumLibrary">
<arg>${element}</arg>
<doc>Waits until the element ``locator`` is visible.</doc>
<status status="PASS" starttime="20231225 20:35:21.205" endtime="20231225 20:35:21.237"/>
</kw>
<status status="PASS" starttime="20231225 20:35:21.204" endtime="20231225 20:35:21.237"/>
</iter>
<iter>
<var name="${element}">xpath:(//span[contains(@class, 'chip')])[3]</var>
<kw name="Wait Until Element Is Visible" library="SeleniumLibrary">
<arg>${element}</arg>
<doc>Waits until the element ``locator`` is visible.</doc>
<status status="PASS" starttime="20231225 20:35:21.238" endtime="20231225 20:35:21.269"/>
</kw>
<status status="PASS" starttime="20231225 20:35:21.237" endtime="20231225 20:35:21.269"/>
</iter>
<iter>
<var name="${element}">xpath:(//span[contains(@class, 'deadline')])[2]</var>
<kw name="Wait Until Element Is Visible" library="SeleniumLibrary">
<arg>${element}</arg>
<doc>Waits until the element ``locator`` is visible.</doc>
<status status="PASS" starttime="20231225 20:35:21.270" endtime="20231225 20:35:21.321"/>
</kw>
<status status="PASS" starttime="20231225 20:35:21.270" endtime="20231225 20:35:21.321"/>
</iter>
<status status="PASS" starttime="20231225 20:35:17.664" endtime="20231225 20:35:21.322"/>
</for>
<for flavor="IN">
<var>${element}</var>
<value>@{comp_text}</value>
<iter>
<var name="${element}">xpath:(//h4[@class='ant-typography'])[2]</var>
<kw name="Element Text Should Not Be" library="SeleniumLibrary">
<arg>${element}</arg>
<arg>${EMPTY}</arg>
<doc>Verifies that element ``locator`` does not contain exact the text ``not_expected``.</doc>
<msg timestamp="20231225 20:35:21.330" level="INFO">Verifying element 'xpath:(//h4[@class='ant-typography'])[2]' does not contain exact text ''.</msg>
<status status="PASS" starttime="20231225 20:35:21.325" endtime="20231225 20:35:21.363"/>
</kw>
<status status="PASS" starttime="20231225 20:35:21.324" endtime="20231225 20:35:21.363"/>
</iter>
<iter>
<var name="${element}">xpath:(//span[@class='ant-typography'])[1]</var>
<kw name="Element Text Should Not Be" library="SeleniumLibrary">
<arg>${element}</arg>
<arg>${EMPTY}</arg>
<doc>Verifies that element ``locator`` does not contain exact the text ``not_expected``.</doc>
<msg timestamp="20231225 20:35:21.368" level="INFO">Verifying element 'xpath:(//span[@class='ant-typography'])[1]' does not contain exact text ''.</msg>
<status status="PASS" starttime="20231225 20:35:21.364" endtime="20231225 20:35:21.395"/>
</kw>
<status status="PASS" starttime="20231225 20:35:21.364" endtime="20231225 20:35:21.395"/>
</iter>
<iter>
<var name="${element}">xpath:(//span[contains(@class, 'chip')])[1]</var>
<kw name="Element Text Should Not Be" library="SeleniumLibrary">
<arg>${element}</arg>
<arg>${EMPTY}</arg>
<doc>Verifies that element ``locator`` does not contain exact the text ``not_expected``.</doc>
<msg timestamp="20231225 20:35:21.401" level="INFO">Verifying element 'xpath:(//span[contains(@class, 'chip')])[1]' does not contain exact text ''.</msg>
<status status="PASS" starttime="20231225 20:35:21.396" endtime="20231225 20:35:21.442"/>
</kw>
<status status="PASS" starttime="20231225 20:35:21.396" endtime="20231225 20:35:21.442"/>
</iter>
<iter>
<var name="${element}">xpath:(//span[contains(@class, 'chip')])[2]</var>
<kw name="Element Text Should Not Be" library="SeleniumLibrary">
<arg>${element}</arg>
<arg>${EMPTY}</arg>
<doc>Verifies that element ``locator`` does not contain exact the text ``not_expected``.</doc>
<msg timestamp="20231225 20:35:21.448" level="INFO">Verifying element 'xpath:(//span[contains(@class, 'chip')])[2]' does not contain exact text ''.</msg>
<status status="PASS" starttime="20231225 20:35:21.443" endtime="20231225 20:35:21.482"/>
</kw>
<status status="PASS" starttime="20231225 20:35:21.443" endtime="20231225 20:35:21.482"/>
</iter>
<iter>
<var name="${element}">xpath:(//span[contains(@class, 'chip')])[3]</var>
<kw name="Element Text Should Not Be" library="SeleniumLibrary">
<arg>${element}</arg>
<arg>${EMPTY}</arg>
<doc>Verifies that element ``locator`` does not contain exact the text ``not_expected``.</doc>
<msg timestamp="20231225 20:35:21.488" level="INFO">Verifying element 'xpath:(//span[contains(@class, 'chip')])[3]' does not contain exact text ''.</msg>
<status status="PASS" starttime="20231225 20:35:21.484" endtime="20231225 20:35:21.520"/>
</kw>
<status status="PASS" starttime="20231225 20:35:21.483" endtime="20231225 20:35:21.521"/>
</iter>
<status status="PASS" starttime="20231225 20:35:21.323" endtime="20231225 20:35:21.521"/>
</for>
<status status="PASS" starttime="20231225 20:35:17.661" endtime="20231225 20:35:21.522"/>
</test>
<test id="s1-s3-t3" name="Validate job description component" line="25">
<kw name="Wait Until Element Is Visible" library="SeleniumLibrary">
<arg>${desc_title}</arg>
<doc>Waits until the element ``locator`` is visible.</doc>
<status status="PASS" starttime="20231225 20:35:21.524" endtime="20231225 20:35:21.556"/>
</kw>
<kw name="Wait Until Element Is Visible" library="SeleniumLibrary">
<arg>${desc_tag_wrapper}</arg>
<doc>Waits until the element ``locator`` is visible.</doc>
<status status="PASS" starttime="20231225 20:35:21.556" endtime="20231225 20:35:21.594"/>
</kw>
<kw name="Locators to list" library="detail_job">
<var>${tags}</var>
<arg>${desc_tag_index}</arg>
<kw name="Get Element Count" library="SeleniumLibrary">
<var>${total_element}</var>
<arg>xpath:${identical_locator}</arg>
<doc>Returns the number of elements matching ``locator``.</doc>
<msg timestamp="20231225 20:35:21.625" level="INFO">${total_element} = 6</msg>
<status status="PASS" starttime="20231225 20:35:21.596" endtime="20231225 20:35:21.625"/>
</kw>
<kw name="Create List" library="BuiltIn">
<var>${collected_elements}</var>
<doc>Returns a list containing given items.</doc>
<msg timestamp="20231225 20:35:21.628" level="INFO">${collected_elements} = []</msg>
<status status="PASS" starttime="20231225 20:35:21.626" endtime="20231225 20:35:21.629"/>
</kw>
<for flavor="IN RANGE">
<var>${counter}</var>
<value>${total_element}</value>
<iter>
<var name="${counter}">0</var>
<kw name="Convert To String" library="BuiltIn">
<var>${current_locator}</var>
<arg>xpath:(${identical_locator})[${counter+1}]</arg>
<doc>Converts the given item to a Unicode string.</doc>
<msg timestamp="20231225 20:35:21.634" level="INFO">${current_locator} = xpath:(//a[contains(@href, '/job?tags')])[1]</msg>
<status status="PASS" starttime="20231225 20:35:21.630" endtime="20231225 20:35:21.634"/>
</kw>
<kw name="Append To List" library="Collections">
<arg>${collected_elements}</arg>
<arg>${current_locator}</arg>
<doc>Adds ``values`` to the end of ``list``.</doc>
<status status="PASS" starttime="20231225 20:35:21.635" endtime="20231225 20:35:21.636"/>
</kw>
<status status="PASS" starttime="20231225 20:35:21.629" endtime="20231225 20:35:21.636"/>
</iter>
<iter>
<var name="${counter}">1</var>
<kw name="Convert To String" library="BuiltIn">
<var>${current_locator}</var>
<arg>xpath:(${identical_locator})[${counter+1}]</arg>
<doc>Converts the given item to a Unicode string.</doc>
<msg timestamp="20231225 20:35:21.642" level="INFO">${current_locator} = xpath:(//a[contains(@href, '/job?tags')])[2]</msg>
<status status="PASS" starttime="20231225 20:35:21.639" endtime="20231225 20:35:21.643"/>
</kw>
<kw name="Append To List" library="Collections">
<arg>${collected_elements}</arg>
<arg>${current_locator}</arg>
<doc>Adds ``values`` to the end of ``list``.</doc>
<status status="PASS" starttime="20231225 20:35:21.643" endtime="20231225 20:35:21.645"/>
</kw>
<status status="PASS" starttime="20231225 20:35:21.637" endtime="20231225 20:35:21.645"/>
</iter>
<iter>
<var name="${counter}">2</var>
<kw name="Convert To String" library="BuiltIn">
<var>${current_locator}</var>
<arg>xpath:(${identical_locator})[${counter+1}]</arg>
<doc>Converts the given item to a Unicode string.</doc>
<msg timestamp="20231225 20:35:21.650" level="INFO">${current_locator} = xpath:(//a[contains(@href, '/job?tags')])[3]</msg>
<status status="PASS" starttime="20231225 20:35:21.646" endtime="20231225 20:35:21.651"/>
</kw>
<kw name="Append To List" library="Collections">
<arg>${collected_elements}</arg>
<arg>${current_locator}</arg>
<doc>Adds ``values`` to the end of ``list``.</doc>
<status status="PASS" starttime="20231225 20:35:21.651" endtime="20231225 20:35:21.652"/>
</kw>
<status status="PASS" starttime="20231225 20:35:21.646" endtime="20231225 20:35:21.653"/>
</iter>
<iter>
<var name="${counter}">3</var>
<kw name="Convert To String" library="BuiltIn">
<var>${current_locator}</var>
<arg>xpath:(${identical_locator})[${counter+1}]</arg>
<doc>Converts the given item to a Unicode string.</doc>
<msg timestamp="20231225 20:35:21.658" level="INFO">${current_locator} = xpath:(//a[contains(@href, '/job?tags')])[4]</msg>
<status status="PASS" starttime="20231225 20:35:21.655" endtime="20231225 20:35:21.658"/>
</kw>
<kw name="Append To List" library="Collections">
<arg>${collected_elements}</arg>
<arg>${current_locator}</arg>
<doc>Adds ``values`` to the end of ``list``.</doc>
<status status="PASS" starttime="20231225 20:35:21.659" endtime="20231225 20:35:21.660"/>
</kw>
<status status="PASS" starttime="20231225 20:35:21.653" endtime="20231225 20:35:21.661"/>
</iter>
<iter>
<var name="${counter}">4</var>
<kw name="Convert To String" library="BuiltIn">
<var>${current_locator}</var>
<arg>xpath:(${identical_locator})[${counter+1}]</arg>
<doc>Converts the given item to a Unicode string.</doc>
<msg timestamp="20231225 20:35:21.665" level="INFO">${current_locator} = xpath:(//a[contains(@href, '/job?tags')])[5]</msg>
<status status="PASS" starttime="20231225 20:35:21.662" endtime="20231225 20:35:21.666"/>
</kw>
<kw name="Append To List" library="Collections">
<arg>${collected_elements}</arg>
<arg>${current_locator}</arg>
<doc>Adds ``values`` to the end of ``list``.</doc>
<status status="PASS" starttime="20231225 20:35:21.666" endtime="20231225 20:35:21.668"/>
</kw>
<status status="PASS" starttime="20231225 20:35:21.661" endtime="20231225 20:35:21.669"/>
</iter>
<iter>
<var name="${counter}">5</var>
<kw name="Convert To String" library="BuiltIn">
<var>${current_locator}</var>
<arg>xpath:(${identical_locator})[${counter+1}]</arg>
<doc>Converts the given item to a Unicode string.</doc>
<msg timestamp="20231225 20:35:21.674" level="INFO">${current_locator} = xpath:(//a[contains(@href, '/job?tags')])[6]</msg>
<status status="PASS" starttime="20231225 20:35:21.670" endtime="20231225 20:35:21.674"/>
</kw>
<kw name="Append To List" library="Collections">
<arg>${collected_elements}</arg>
<arg>${current_locator}</arg>
<doc>Adds ``values`` to the end of ``list``.</doc>
<status status="PASS" starttime="20231225 20:35:21.675" endtime="20231225 20:35:21.677"/>
</kw>
<status status="PASS" starttime="20231225 20:35:21.669" endtime="20231225 20:35:21.677"/>
</iter>
<status status="PASS" starttime="20231225 20:35:21.629" endtime="20231225 20:35:21.679"/>
</for>
<msg timestamp="20231225 20:35:21.679" level="INFO">${tags} = ["xpath:(//a[contains(@href, '/job?tags')])[1]", "xpath:(//a[contains(@href, '/job?tags')])[2]", "xpath:(//a[contains(@href, '/job?tags')])[3]", "xpath:(//a[contains(@href, '/job?tags')])[4]", "xpath:...</msg>
<status status="PASS" starttime="20231225 20:35:21.595" endtime="20231225 20:35:21.679"/>
</kw>
<for flavor="IN">
<var>${element}</var>
<value>@{tags}</value>
<iter>
<var name="${element}">xpath:(//a[contains(@href, '/job?tags')])[1]</var>
<kw name="Wait Until Element Is Visible" library="SeleniumLibrary">
<arg>${element}</arg>
<doc>Waits until the element ``locator`` is visible.</doc>
<status status="PASS" starttime="20231225 20:35:21.681" endtime="20231225 20:35:21.873"/>
</kw>
<kw name="Element Text Should Not Be" library="SeleniumLibrary">
<arg>${element}</arg>
<arg>${EMPTY}</arg>
<doc>Verifies that element ``locator`` does not contain exact the text ``not_expected``.</doc>
<msg timestamp="20231225 20:35:21.880" level="INFO">Verifying element 'xpath:(//a[contains(@href, '/job?tags')])[1]' does not contain exact text ''.</msg>
<status status="PASS" starttime="20231225 20:35:21.874" endtime="20231225 20:35:22.002"/>
</kw>
<kw name="Wait Until Keyword Succeeds" library="BuiltIn">
<arg>4s</arg>
<arg>2</arg>
<arg>Click Element</arg>
<arg>${element}</arg>
<doc>Runs the specified keyword and retries if it fails.</doc>
<kw name="Click Element" library="SeleniumLibrary">
<arg>${element}</arg>
<doc>Click the element identified by ``locator``.</doc>
<msg timestamp="20231225 20:35:22.004" level="INFO">Clicking element 'xpath:(//a[contains(@href, '/job?tags')])[1]'.</msg>
<status status="PASS" starttime="20231225 20:35:22.003" endtime="20231225 20:35:22.136"/>
</kw>
<status status="PASS" starttime="20231225 20:35:22.002" endtime="20231225 20:35:22.136"/>
</kw>
<kw name="Wait Until Location Is Not" library="SeleniumLibrary">
<arg>${URL}</arg>
<doc>Waits until the current URL is not ``location``.</doc>
<status status="PASS" starttime="20231225 20:35:22.137" endtime="20231225 20:35:22.585"/>
</kw>
<kw name="Go Back" library="SeleniumLibrary">
<doc>Simulates the user clicking the back button on their browser.</doc>
<status status="PASS" starttime="20231225 20:35:22.586" endtime="20231225 20:35:22.601"/>
</kw>
<status status="PASS" starttime="20231225 20:35:21.680" endtime="20231225 20:35:22.602"/>
</iter>
<iter>
<var name="${element}">xpath:(//a[contains(@href, '/job?tags')])[2]</var>
<kw name="Wait Until Element Is Visible" library="SeleniumLibrary">
<arg>${element}</arg>
<doc>Waits until the element ``locator`` is visible.</doc>
<status status="PASS" starttime="20231225 20:35:22.604" endtime="20231225 20:35:22.916"/>
</kw>
<kw name="Element Text Should Not Be" library="SeleniumLibrary">
<arg>${element}</arg>
<arg>${EMPTY}</arg>
<doc>Verifies that element ``locator`` does not contain exact the text ``not_expected``.</doc>
<msg timestamp="20231225 20:35:22.920" level="INFO">Verifying element 'xpath:(//a[contains(@href, '/job?tags')])[2]' does not contain exact text ''.</msg>
<status status="PASS" starttime="20231225 20:35:22.917" endtime="20231225 20:35:22.943"/>
</kw>
<kw name="Wait Until Keyword Succeeds" library="BuiltIn">
<arg>4s</arg>
<arg>2</arg>
<arg>Click Element</arg>
<arg>${element}</arg>
<doc>Runs the specified keyword and retries if it fails.</doc>
<kw name="Click Element" library="SeleniumLibrary">
<arg>${element}</arg>
<doc>Click the element identified by ``locator``.</doc>
<msg timestamp="20231225 20:35:22.945" level="INFO">Clicking element 'xpath:(//a[contains(@href, '/job?tags')])[2]'.</msg>
<status status="PASS" starttime="20231225 20:35:22.944" endtime="20231225 20:35:23.001"/>
</kw>
<status status="PASS" starttime="20231225 20:35:22.943" endtime="20231225 20:35:23.002"/>
</kw>
<kw name="Wait Until Location Is Not" library="SeleniumLibrary">
<arg>${URL}</arg>
<doc>Waits until the current URL is not ``location``.</doc>
<status status="PASS" starttime="20231225 20:35:23.002" endtime="20231225 20:35:23.274"/>
</kw>
<kw name="Go Back" library="SeleniumLibrary">
<doc>Simulates the user clicking the back button on their browser.</doc>
<status status="PASS" starttime="20231225 20:35:23.274" endtime="20231225 20:35:23.291"/>
</kw>
<status status="PASS" starttime="20231225 20:35:22.602" endtime="20231225 20:35:23.292"/>
</iter>
<iter>
<var name="${element}">xpath:(//a[contains(@href, '/job?tags')])[3]</var>
<kw name="Wait Until Element Is Visible" library="SeleniumLibrary">
<arg>${element}</arg>
<doc>Waits until the element ``locator`` is visible.</doc>
<status status="PASS" starttime="20231225 20:35:23.293" endtime="20231225 20:35:23.898"/>
</kw>
<kw name="Element Text Should Not Be" library="SeleniumLibrary">
<arg>${element}</arg>
<arg>${EMPTY}</arg>
<doc>Verifies that element ``locator`` does not contain exact the text ``not_expected``.</doc>
<msg timestamp="20231225 20:35:23.903" level="INFO">Verifying element 'xpath:(//a[contains(@href, '/job?tags')])[3]' does not contain exact text ''.</msg>
<status status="PASS" starttime="20231225 20:35:23.898" endtime="20231225 20:35:23.937"/>
</kw>
<kw name="Wait Until Keyword Succeeds" library="BuiltIn">
<arg>4s</arg>
<arg>2</arg>
<arg>Click Element</arg>
<arg>${element}</arg>
<doc>Runs the specified keyword and retries if it fails.</doc>
<kw name="Click Element" library="SeleniumLibrary">
<arg>${element}</arg>
<doc>Click the element identified by ``locator``.</doc>
<msg timestamp="20231225 20:35:23.940" level="INFO">Clicking element 'xpath:(//a[contains(@href, '/job?tags')])[3]'.</msg>
<status status="PASS" starttime="20231225 20:35:23.939" endtime="20231225 20:35:24.021"/>
</kw>
<status status="PASS" starttime="20231225 20:35:23.938" endtime="20231225 20:35:24.021"/>
</kw>
<kw name="Wait Until Location Is Not" library="SeleniumLibrary">
<arg>${URL}</arg>
<doc>Waits until the current URL is not ``location``.</doc>
<status status="PASS" starttime="20231225 20:35:24.022" endtime="20231225 20:35:24.314"/>
</kw>
<kw name="Go Back" library="SeleniumLibrary">
<doc>Simulates the user clicking the back button on their browser.</doc>
<status status="PASS" starttime="20231225 20:35:24.314" endtime="20231225 20:35:24.333"/>
</kw>
<status status="PASS" starttime="20231225 20:35:23.292" endtime="20231225 20:35:24.333"/>
</iter>
<iter>
<var name="${element}">xpath:(//a[contains(@href, '/job?tags')])[4]</var>
<kw name="Wait Until Element Is Visible" library="SeleniumLibrary">
<arg>${element}</arg>
<doc>Waits until the element ``locator`` is visible.</doc>
<status status="PASS" starttime="20231225 20:35:24.334" endtime="20231225 20:35:24.588"/>
</kw>
<kw name="Element Text Should Not Be" library="SeleniumLibrary">
<arg>${element}</arg>
<arg>${EMPTY}</arg>
<doc>Verifies that element ``locator`` does not contain exact the text ``not_expected``.</doc>
<msg timestamp="20231225 20:35:24.590" level="INFO">Verifying element 'xpath:(//a[contains(@href, '/job?tags')])[4]' does not contain exact text ''.</msg>
<status status="PASS" starttime="20231225 20:35:24.588" endtime="20231225 20:35:24.609"/>
</kw>
<kw name="Wait Until Keyword Succeeds" library="BuiltIn">
<arg>4s</arg>
<arg>2</arg>
<arg>Click Element</arg>
<arg>${element}</arg>
<doc>Runs the specified keyword and retries if it fails.</doc>
<kw name="Click Element" library="SeleniumLibrary">
<arg>${element}</arg>
<doc>Click the element identified by ``locator``.</doc>
<msg timestamp="20231225 20:35:24.612" level="INFO">Clicking element 'xpath:(//a[contains(@href, '/job?tags')])[4]'.</msg>
<status status="PASS" starttime="20231225 20:35:24.611" endtime="20231225 20:35:24.664"/>
</kw>
<status status="PASS" starttime="20231225 20:35:24.610" endtime="20231225 20:35:24.664"/>
</kw>
<kw name="Wait Until Location Is Not" library="SeleniumLibrary">
<arg>${URL}</arg>
<doc>Waits until the current URL is not ``location``.</doc>
<status status="PASS" starttime="20231225 20:35:24.665" endtime="20231225 20:35:24.918"/>
</kw>
<kw name="Go Back" library="SeleniumLibrary">
<doc>Simulates the user clicking the back button on their browser.</doc>
<status status="PASS" starttime="20231225 20:35:24.918" endtime="20231225 20:35:24.931"/>
</kw>
<status status="PASS" starttime="20231225 20:35:24.334" endtime="20231225 20:35:24.932"/>
</iter>
<iter>
<var name="${element}">xpath:(//a[contains(@href, '/job?tags')])[5]</var>
<kw name="Wait Until Element Is Visible" library="SeleniumLibrary">
<arg>${element}</arg>
<doc>Waits until the element ``locator`` is visible.</doc>
<status status="PASS" starttime="20231225 20:35:24.932" endtime="20231225 20:35:25.260"/>
</kw>
<kw name="Element Text Should Not Be" library="SeleniumLibrary">
<arg>${element}</arg>
<arg>${EMPTY}</arg>
<doc>Verifies that element ``locator`` does not contain exact the text ``not_expected``.</doc>
<msg timestamp="20231225 20:35:25.263" level="INFO">Verifying element 'xpath:(//a[contains(@href, '/job?tags')])[5]' does not contain exact text ''.</msg>
<status status="PASS" starttime="20231225 20:35:25.260" endtime="20231225 20:35:25.303"/>
</kw>
<kw name="Wait Until Keyword Succeeds" library="BuiltIn">
<arg>4s</arg>
<arg>2</arg>
<arg>Click Element</arg>
<arg>${element}</arg>
<doc>Runs the specified keyword and retries if it fails.</doc>
<kw name="Click Element" library="SeleniumLibrary">
<arg>${element}</arg>
<doc>Click the element identified by ``locator``.</doc>
<msg timestamp="20231225 20:35:25.307" level="INFO">Clicking element 'xpath:(//a[contains(@href, '/job?tags')])[5]'.</msg>
<status status="PASS" starttime="20231225 20:35:25.305" endtime="20231225 20:35:25.401"/>
</kw>
<status status="PASS" starttime="20231225 20:35:25.304" endtime="20231225 20:35:25.402"/>
</kw>
<kw name="Wait Until Location Is Not" library="SeleniumLibrary">
<arg>${URL}</arg>
<doc>Waits until the current URL is not ``location``.</doc>
<status status="PASS" starttime="20231225 20:35:25.403" endtime="20231225 20:35:25.839"/>
</kw>
<kw name="Go Back" library="SeleniumLibrary">
<doc>Simulates the user clicking the back button on their browser.</doc>
<status status="PASS" starttime="20231225 20:35:25.840" endtime="20231225 20:35:25.868"/>
</kw>
<status status="PASS" starttime="20231225 20:35:24.932" endtime="20231225 20:35:25.869"/>
</iter>
<iter>
<var name="${element}">xpath:(//a[contains(@href, '/job?tags')])[6]</var>
<kw name="Wait Until Element Is Visible" library="SeleniumLibrary">
<arg>${element}</arg>
<doc>Waits until the element ``locator`` is visible.</doc>
<status status="PASS" starttime="20231225 20:35:25.869" endtime="20231225 20:35:26.219"/>
</kw>
<kw name="Element Text Should Not Be" library="SeleniumLibrary">
<arg>${element}</arg>
<arg>${EMPTY}</arg>
<doc>Verifies that element ``locator`` does not contain exact the text ``not_expected``.</doc>
<msg timestamp="20231225 20:35:26.222" level="INFO">Verifying element 'xpath:(//a[contains(@href, '/job?tags')])[6]' does not contain exact text ''.</msg>
<status status="PASS" starttime="20231225 20:35:26.219" endtime="20231225 20:35:26.252"/>
</kw>
<kw name="Wait Until Keyword Succeeds" library="BuiltIn">
<arg>4s</arg>
<arg>2</arg>
<arg>Click Element</arg>
<arg>${element}</arg>
<doc>Runs the specified keyword and retries if it fails.</doc>
<kw name="Click Element" library="SeleniumLibrary">
<arg>${element}</arg>
<doc>Click the element identified by ``locator``.</doc>
<msg timestamp="20231225 20:35:26.255" level="INFO">Clicking element 'xpath:(//a[contains(@href, '/job?tags')])[6]'.</msg>
<status status="PASS" starttime="20231225 20:35:26.254" endtime="20231225 20:35:26.321"/>
</kw>
<status status="PASS" starttime="20231225 20:35:26.253" endtime="20231225 20:35:26.321"/>
</kw>
<kw name="Wait Until Location Is Not" library="SeleniumLibrary">
<arg>${URL}</arg>
<doc>Waits until the current URL is not ``location``.</doc>
<status status="PASS" starttime="20231225 20:35:26.321" endtime="20231225 20:35:26.695"/>
</kw>
<kw name="Go Back" library="SeleniumLibrary">
<doc>Simulates the user clicking the back button on their browser.</doc>
<status status="PASS" starttime="20231225 20:35:26.695" endtime="20231225 20:35:26.707"/>
</kw>
<status status="PASS" starttime="20231225 20:35:25.869" endtime="20231225 20:35:26.708"/>
</iter>
<status status="PASS" starttime="20231225 20:35:21.679" endtime="20231225 20:35:26.710"/>
</for>
<status status="PASS" starttime="20231225 20:35:21.523" endtime="20231225 20:35:26.712"/>
</test>
<test id="s1-s3-t4" name="Validate footer component" line="37">
<for flavor="IN">
<var>${element}</var>
<value>@{foot_visual}</value>
<iter>
<var name="${element}">xpath://h4[normalize-space()='Informasi Perusahaan']</var>
<kw name="Wait Until Element Is Visible" library="SeleniumLibrary">
<arg>${element}</arg>
<doc>Waits until the element ``locator`` is visible.</doc>
<status status="PASS" starttime="20231225 20:35:26.717" endtime="20231225 20:35:26.971"/>
</kw>
<status status="PASS" starttime="20231225 20:35:26.717" endtime="20231225 20:35:26.971"/>
</iter>
<iter>
<var name="${element}">xpath://div[contains(@class, 'jobInfo')]</var>
<kw name="Wait Until Element Is Visible" library="SeleniumLibrary">
<arg>${element}</arg>
<doc>Waits until the element ``locator`` is visible.</doc>
<status status="PASS" starttime="20231225 20:35:26.972" endtime="20231225 20:35:26.999"/>
</kw>
<status status="PASS" starttime="20231225 20:35:26.971" endtime="20231225 20:35:26.999"/>
</iter>
<iter>
<var name="${element}">xpath:(//span[@class='ant-typography'])[2]</var>
<kw name="Wait Until Element Is Visible" library="SeleniumLibrary">
<arg>${element}</arg>
<doc>Waits until the element ``locator`` is visible.</doc>
<status status="PASS" starttime="20231225 20:35:27.000" endtime="20231225 20:35:27.035"/>
</kw>
<status status="PASS" starttime="20231225 20:35:27.000" endtime="20231225 20:35:27.036"/>
</iter>
<iter>
<var name="${element}">xpath:(//span[@class='ant-typography'])[3]</var>
<kw name="Wait Until Element Is Visible" library="SeleniumLibrary">
<arg>${element}</arg>
<doc>Waits until the element ``locator`` is visible.</doc>
<status status="PASS" starttime="20231225 20:35:27.036" endtime="20231225 20:35:27.064"/>
</kw>
<status status="PASS" starttime="20231225 20:35:27.036" endtime="20231225 20:35:27.065"/>
</iter>
<iter>
<var name="${element}">xpath:(//span[@class='ant-typography'])[4]</var>
<kw name="Wait Until Element Is Visible" library="SeleniumLibrary">
<arg>${element}</arg>
<doc>Waits until the element ``locator`` is visible.</doc>
<status status="PASS" starttime="20231225 20:35:27.065" endtime="20231225 20:35:27.094"/>
</kw>
<status status="PASS" starttime="20231225 20:35:27.065" endtime="20231225 20:35:27.094"/>
</iter>
<iter>
<var name="${element}">xpath:(//span[@class='ant-typography'])[5]</var>
<kw name="Wait Until Element Is Visible" library="SeleniumLibrary">
<arg>${element}</arg>
<doc>Waits until the element ``locator`` is visible.</doc>
<status status="PASS" starttime="20231225 20:35:27.094" endtime="20231225 20:35:27.123"/>
</kw>
<status status="PASS" starttime="20231225 20:35:27.094" endtime="20231225 20:35:27.123"/>
</iter>
<iter>
<var name="${element}">xpath:(//span[@class='ant-typography'])[6]</var>
<kw name="Wait Until Element Is Visible" library="SeleniumLibrary">
<arg>${element}</arg>
<doc>Waits until the element ``locator`` is visible.</doc>
<status status="PASS" starttime="20231225 20:35:27.125" endtime="20231225 20:35:27.204"/>
</kw>
<status status="PASS" starttime="20231225 20:35:27.124" endtime="20231225 20:35:27.205"/>
</iter>
<iter>
<var name="${element}">xpath:(//span[@class='ant-typography'])[7]</var>
<kw name="Wait Until Element Is Visible" library="SeleniumLibrary">
<arg>${element}</arg>
<doc>Waits until the element ``locator`` is visible.</doc>
<status status="PASS" starttime="20231225 20:35:27.206" endtime="20231225 20:35:27.237"/>
</kw>
<status status="PASS" starttime="20231225 20:35:27.205" endtime="20231225 20:35:27.238"/>
</iter>
<status status="PASS" starttime="20231225 20:35:26.716" endtime="20231225 20:35:27.238"/>
</for>
<for flavor="IN">
<var>${element}</var>
<value>@{foot_text}</value>
<iter>
<var name="${element}">xpath:(//span[@class='ant-typography'])[2]</var>
<kw name="Element Text Should Not Be" library="SeleniumLibrary">
<arg>${element}</arg>
<arg>${EMPTY}</arg>
<doc>Verifies that element ``locator`` does not contain exact the text ``not_expected``.</doc>
<msg timestamp="20231225 20:35:27.243" level="INFO">Verifying element 'xpath:(//span[@class='ant-typography'])[2]' does not contain exact text ''.</msg>
<status status="PASS" starttime="20231225 20:35:27.240" endtime="20231225 20:35:27.267"/>
</kw>
<status status="PASS" starttime="20231225 20:35:27.239" endtime="20231225 20:35:27.267"/>
</iter>
<iter>
<var name="${element}">xpath:(//span[@class='ant-typography'])[3]</var>
<kw name="Element Text Should Not Be" library="SeleniumLibrary">
<arg>${element}</arg>
<arg>${EMPTY}</arg>
<doc>Verifies that element ``locator`` does not contain exact the text ``not_expected``.</doc>
<msg timestamp="20231225 20:35:27.271" level="INFO">Verifying element 'xpath:(//span[@class='ant-typography'])[3]' does not contain exact text ''.</msg>
<status status="PASS" starttime="20231225 20:35:27.269" endtime="20231225 20:35:27.302"/>
</kw>
<status status="PASS" starttime="20231225 20:35:27.268" endtime="20231225 20:35:27.302"/>
</iter>
<iter>
<var name="${element}">xpath:(//span[@class='ant-typography'])[4]</var>
<kw name="Element Text Should Not Be" library="SeleniumLibrary">
<arg>${element}</arg>
<arg>${EMPTY}</arg>
<doc>Verifies that element ``locator`` does not contain exact the text ``not_expected``.</doc>
<msg timestamp="20231225 20:35:27.306" level="INFO">Verifying element 'xpath:(//span[@class='ant-typography'])[4]' does not contain exact text ''.</msg>
<status status="PASS" starttime="20231225 20:35:27.303" endtime="20231225 20:35:27.346"/>
</kw>
<status status="PASS" starttime="20231225 20:35:27.302" endtime="20231225 20:35:27.346"/>
</iter>
<iter>
<var name="${element}">xpath:(//span[@class='ant-typography'])[6]</var>
<kw name="Element Text Should Not Be" library="SeleniumLibrary">
<arg>${element}</arg>
<arg>${EMPTY}</arg>
<doc>Verifies that element ``locator`` does not contain exact the text ``not_expected``.</doc>
<msg timestamp="20231225 20:35:27.350" level="INFO">Verifying element 'xpath:(//span[@class='ant-typography'])[6]' does not contain exact text ''.</msg>
<status status="PASS" starttime="20231225 20:35:27.347" endtime="20231225 20:35:27.373"/>
</kw>
<status status="PASS" starttime="20231225 20:35:27.346" endtime="20231225 20:35:27.374"/>
</iter>
<status status="PASS" starttime="20231225 20:35:27.238" endtime="20231225 20:35:27.374"/>
</for>
<for flavor="IN">
<var>${element}</var>
<value>@{foot_url}</value>
<iter>
<var name="${element}">xpath:(//span[@class='ant-typography'])[5]</var>
<kw name="Wait Until Keyword Succeeds" library="BuiltIn">
<arg>3</arg>
<arg>5s</arg>
<arg>Click Element</arg>
<arg>${element}</arg>
<doc>Runs the specified keyword and retries if it fails.</doc>
<kw name="Click Element" library="SeleniumLibrary">
<arg>${element}</arg>
<doc>Click the element identified by ``locator``.</doc>
<msg timestamp="20231225 20:35:27.378" level="INFO">Clicking element 'xpath:(//span[@class='ant-typography'])[5]'.</msg>
<msg timestamp="20231225 20:35:28.996" level="INFO" html="true">&lt;/td&gt;&lt;/tr&gt;&lt;tr&gt;&lt;td colspan="3"&gt;&lt;a href="selenium-screenshot-2.png"&gt;&lt;img src="selenium-screenshot-2.png" width="800px"&gt;&lt;/a&gt;</msg>
<msg timestamp="20231225 20:35:28.996" level="FAIL">ElementClickInterceptedException: Message: element click intercepted: Element is not clickable at point (467, 1936)
  (Session info: chrome=120.0.6099.111)
Stacktrace:
	GetHandleVerifier [0x00007FF6B8CE2142+3514994]
	(No symbol) [0x00007FF6B8900CE2]
	(No symbol) [0x00007FF6B87A76AA]
	(No symbol) [0x00007FF6B87F88F3]
	(No symbol) [0x00007FF6B87F68ED]
	(No symbol) [0x00007FF6B87F40EC]
	(No symbol) [0x00007FF6B87F2EA5]
	(No symbol) [0x00007FF6B87E6A0F]
	(No symbol) [0x00007FF6B8815FEA]
	(No symbol) [0x00007FF6B87E63B6]
	(No symbol) [0x00007FF6B8816490]
	(No symbol) [0x00007FF6B88328F6]
	(No symbol) [0x00007FF6B8815D93]
	(No symbol) [0x00007FF6B87E4BDC]
	(No symbol) [0x00007FF6B87E5C64]
	GetHandleVerifier [0x00007FF6B8D0E16B+3695259]
	GetHandleVerifier [0x00007FF6B8D66737+4057191]
	GetHandleVerifier [0x00007FF6B8D5E4E3+4023827]
	GetHandleVerifier [0x00007FF6B8A304F9+689705]
	(No symbol) [0x00007FF6B890C048]
	(No symbol) [0x00007FF6B8908044]
	(No symbol) [0x00007FF6B89081C9]
	(No symbol) [0x00007FF6B88F88C4]
	BaseThreadInitThunk [0x00007FFCEBF87344+20]
	RtlUserThreadStart [0x00007FFCECB026B1+33]
</msg>
<status status="FAIL" starttime="20231225 20:35:27.377" endtime="20231225 20:35:29.001"/>
</kw>
<kw name="Click Element" library="SeleniumLibrary">
<arg>${element}</arg>
<doc>Click the element identified by ``locator``.</doc>
<msg timestamp="20231225 20:35:34.012" level="INFO">Clicking element 'xpath:(//span[@class='ant-typography'])[5]'.</msg>
<status status="PASS" starttime="20231225 20:35:34.010" endtime="20231225 20:35:36.011"/>
</kw>
<status status="PASS" starttime="20231225 20:35:27.376" endtime="20231225 20:35:36.012"/>
</kw>
<kw name="Wait Until Location Is Not" library="SeleniumLibrary">
<arg>${URL}</arg>
<doc>Waits until the current URL is not ``location``.</doc>
<status status="PASS" starttime="20231225 20:35:36.012" endtime="20231225 20:35:36.434"/>
</kw>
<kw name="Go Back" library="SeleniumLibrary">
<doc>Simulates the user clicking the back button on their browser.</doc>
<status status="PASS" starttime="20231225 20:35:36.435" endtime="20231225 20:35:38.060"/>
</kw>
<status status="PASS" starttime="20231225 20:35:27.375" endtime="20231225 20:35:38.061"/>
</iter>
<iter>
<var name="${element}">xpath:(//span[@class='ant-typography'])[7]</var>
<kw name="Wait Until Keyword Succeeds" library="BuiltIn">
<arg>3</arg>
<arg>5s</arg>
<arg>Click Element</arg>
<arg>${element}</arg>
<doc>Runs the specified keyword and retries if it fails.</doc>
<kw name="Click Element" library="SeleniumLibrary">
<arg>${element}</arg>
<doc>Click the element identified by ``locator``.</doc>
<msg timestamp="20231225 20:35:38.065" level="INFO">Clicking element 'xpath:(//span[@class='ant-typography'])[7]'.</msg>
<status status="PASS" starttime="20231225 20:35:38.063" endtime="20231225 20:35:44.140"/>
</kw>
<status status="PASS" starttime="20231225 20:35:38.062" endtime="20231225 20:35:44.141"/>
</kw>
<kw name="Wait Until Location Is Not" library="SeleniumLibrary">
<arg>${URL}</arg>
<doc>Waits until the current URL is not ``location``.</doc>
<status status="PASS" starttime="20231225 20:35:44.142" endtime="20231225 20:35:44.158"/>
</kw>
<kw name="Go Back" library="SeleniumLibrary">
<doc>Simulates the user clicking the back button on their browser.</doc>
<status status="PASS" starttime="20231225 20:35:44.159" endtime="20231225 20:35:44.938"/>
</kw>
<status status="PASS" starttime="20231225 20:35:38.061" endtime="20231225 20:35:44.939"/>
</iter>
<status status="PASS" starttime="20231225 20:35:27.374" endtime="20231225 20:35:44.940"/>
</for>
<status status="PASS" starttime="20231225 20:35:26.714" endtime="20231225 20:35:44.940"/>
</test>
<test id="s1-s3-t5" name="Validate job apply component" line="52">
<kw name="Wait Until Element Is Visible" library="SeleniumLibrary">
<arg>${apply_wraper}</arg>
<doc>Waits until the element ``locator`` is visible.</doc>
<status status="PASS" starttime="20231225 20:35:44.943" endtime="20231225 20:35:45.190"/>
</kw>
<kw name="Wait Until Element Is Visible" library="SeleniumLibrary">
<arg>${apply_title}</arg>
<doc>Waits until the element ``locator`` is visible.</doc>
<status status="PASS" starttime="20231225 20:35:45.191" endtime="20231225 20:35:45.244"/>
</kw>
<kw name="Element Text Should Be" library="SeleniumLibrary">
<arg>${apply_title}</arg>
<arg>Lamar posisi ini?</arg>
<doc>Verifies that element ``locator`` contains exact the text ``expected``.</doc>
<msg timestamp="20231225 20:35:45.246" level="INFO">Verifying element 'xpath://h4[normalize-space()='Lamar posisi ini?']' contains exact text 'Lamar posisi ini?'.</msg>
<status status="PASS" starttime="20231225 20:35:45.245" endtime="20231225 20:35:45.273"/>
</kw>
<kw name="Wait Until Element Is Enabled" library="SeleniumLibrary">
<arg>${apply_button}</arg>
<doc>Waits until the element ``locator`` is enabled.</doc>
<status status="PASS" starttime="20231225 20:35:45.274" endtime="20231225 20:35:45.319"/>
</kw>
<kw name="Element Text Should Be" library="SeleniumLibrary">
<arg>${apply_button}</arg>
<arg>Lamar Posisi</arg>
<doc>Verifies that element ``locator`` contains exact the text ``expected``.</doc>
<msg timestamp="20231225 20:35:45.321" level="INFO">Verifying element 'xpath://button[contains(@class, 'apply')]' contains exact text 'Lamar Posisi'.</msg>
<status status="PASS" starttime="20231225 20:35:45.320" endtime="20231225 20:35:45.342"/>
</kw>
<kw name="Click Button" library="SeleniumLibrary">
<arg>${apply_button}</arg>
<doc>Clicks the button identified by ``locator``.</doc>
<msg timestamp="20231225 20:35:45.344" level="INFO">Clicking button 'xpath://button[contains(@class, 'apply')]'.</msg>
<status status="PASS" starttime="20231225 20:35:45.343" endtime="20231225 20:35:45.470"/>
</kw>
<kw name="Wait Until Location Is Not" library="SeleniumLibrary">
<arg>${URL}</arg>
<doc>Waits until the current URL is not ``location``.</doc>
<status status="PASS" starttime="20231225 20:35:45.470" endtime="20231225 20:35:45.903"/>
</kw>
<status status="PASS" starttime="20231225 20:35:44.942" endtime="20231225 20:35:45.904"/>
</test>
<kw name="Close Browser" library="SeleniumLibrary" type="TEARDOWN">
<doc>Closes the current browser.</doc>
<status status="PASS" starttime="20231225 20:35:45.907" endtime="20231225 20:35:48.173"/>
</kw>
<status status="PASS" starttime="20231225 20:35:10.787" endtime="20231225 20:35:48.173"/>
</suite>
<suite id="s1-s4" name="Job Page" source="D:\Docs\Scripting\PyCharm\karirlab-qa-automation\tests\smoke\job_page.robot">
<kw name="Open Page" library="browser" type="SETUP">
<arg>staging</arg>
<arg>job</arg>
<arg>headless=True</arg>
<kw name="Environment Selector" library="browser">
<var>${base}</var>
<arg>${environment}</arg>
<kw name="Convert To Lower Case" library="String">
<var>${env}</var>
<arg>${enviro}</arg>
<doc>Converts string to lower case.</doc>
<msg timestamp="20231225 20:35:48.213" level="INFO">${env} = staging</msg>
<status status="PASS" starttime="20231225 20:35:48.213" endtime="20231225 20:35:48.214"/>
</kw>
<kw name="Run Keyword If" library="BuiltIn">
<var>${selected_enviro}</var>
<arg>'${env}' == 'prod'</arg>
<arg>Return From Keyword</arg>
<arg>${KL_PROD}</arg>
<arg>ELSE IF</arg>
<arg>'${env}' == 'staging'</arg>
<arg>Return From Keyword</arg>
<arg>${KL_STAGING}</arg>
<arg>ELSE IF</arg>
<arg>'${env}' == 'dev-a'</arg>
<arg>Return From Keyword</arg>
<arg>${KL_DEV_A}</arg>
<arg>ELSE IF</arg>
<arg>'${env}' == 'dev-b'</arg>
<arg>Return From Keyword</arg>
<arg>${KL_DEV_B}</arg>
<arg>ELSE IF</arg>
<arg>'${env}' == 'dev-c'</arg>
<arg>Return From Keyword</arg>
<arg>${KL_DEV_C}</arg>
<doc>Runs the given keyword with the given arguments, if ``condition`` is true.</doc>
<kw name="Return From Keyword" library="BuiltIn">
<arg>${KL_STAGING}</arg>
<doc>Returns from the enclosing user keyword.</doc>
<msg timestamp="20231225 20:35:48.215" level="INFO">Returning from the enclosing user keyword.</msg>
<status status="PASS" starttime="20231225 20:35:48.215" endtime="20231225 20:35:48.215"/>
</kw>
<status status="PASS" starttime="20231225 20:35:48.214" endtime="20231225 20:35:48.216"/>
</kw>
<msg timestamp="20231225 20:35:48.216" level="INFO">${base} = https://staging.karirlab.co</msg>
<status status="PASS" starttime="20231225 20:35:48.212" endtime="20231225 20:35:48.216"/>
</kw>
<kw name="Page Selector" library="browser">
<var>${path}</var>
<arg>${page_name}</arg>
<kw name="Run Keyword If" library="BuiltIn">
<var>${page}</var>
<arg>'${base_url}' != 'None'</arg>
<arg>Convert To Lower Case</arg>
<arg>${base_url}</arg>
<doc>Runs the given keyword with the given arguments, if ``condition`` is true.</doc>
<kw name="Convert To Lower Case" library="String">
<arg>${base_url}</arg>
<doc>Converts string to lower case.</doc>
<status status="PASS" starttime="20231225 20:35:48.217" endtime="20231225 20:35:48.217"/>
</kw>
<msg timestamp="20231225 20:35:48.218" level="INFO">${page} = job</msg>
<status status="PASS" starttime="20231225 20:35:48.217" endtime="20231225 20:35:48.218"/>
</kw>
<kw name="Run Keyword If" library="BuiltIn">
<var>${selected_page}</var>
<arg>'${page}' == 'None'</arg>
<arg>Return From Keyword</arg>
<arg>${EMPTY}</arg>
<arg>ELSE IF</arg>
<arg>'${page}' == 'event'</arg>
<arg>Return From Keyword</arg>
<arg>/event</arg>
<arg>ELSE IF</arg>
<arg>'${page}' == 'job'</arg>
<arg>Return From Keyword</arg>
<arg>/job</arg>
<arg>ELSE IF</arg>
<arg>'${page}' == 'company'</arg>
<arg>Return From Keyword</arg>
<arg>/company</arg>
<arg>ELSE IF</arg>
<arg>'${page}' == 'signup'</arg>
<arg>Return From Keyword</arg>
<arg>/sign-up</arg>
<arg>ELSE IF</arg>
<arg>'${page}' == 'login'</arg>
<arg>Return From Keyword</arg>
<arg>/login</arg>
<doc>Runs the given keyword with the given arguments, if ``condition`` is true.</doc>
<kw name="Return From Keyword" library="BuiltIn">
<arg>/job</arg>
<doc>Returns from the enclosing user keyword.</doc>
<msg timestamp="20231225 20:35:48.220" level="INFO">Returning from the enclosing user keyword.</msg>
<status status="PASS" starttime="20231225 20:35:48.219" endtime="20231225 20:35:48.220"/>
</kw>
<status status="PASS" starttime="20231225 20:35:48.218" endtime="20231225 20:35:48.220"/>
</kw>
<msg timestamp="20231225 20:35:48.221" level="INFO">${path} = /job</msg>
<status status="PASS" starttime="20231225 20:35:48.216" endtime="20231225 20:35:48.221"/>
</kw>
<kw name="Mode Selector" library="browser">
<var>${used_browser}</var>
<arg>${headless}</arg>
<kw name="Run Keyword If" library="BuiltIn">
<var>${selected_mode}</var>
<arg>'${mode}' == 'False'</arg>
<arg>Return From Keyword</arg>
<arg>${BROWSER}</arg>
<arg>ELSE IF</arg>
<arg>'${mode}' == 'True'</arg>
<arg>Return From Keyword</arg>
<arg>headless${BROWSER}</arg>
<doc>Runs the given keyword with the given arguments, if ``condition`` is true.</doc>
<kw name="Return From Keyword" library="BuiltIn">
<arg>headless${BROWSER}</arg>
<doc>Returns from the enclosing user keyword.</doc>
<msg timestamp="20231225 20:35:48.223" level="INFO">Returning from the enclosing user keyword.</msg>
<status status="PASS" starttime="20231225 20:35:48.223" endtime="20231225 20:35:48.223"/>
</kw>
<status status="PASS" starttime="20231225 20:35:48.222" endtime="20231225 20:35:48.224"/>
</kw>
<msg timestamp="20231225 20:35:48.224" level="INFO">${used_browser} = headlesschrome</msg>
<status status="PASS" starttime="20231225 20:35:48.221" endtime="20231225 20:35:48.224"/>
</kw>
<kw name="Open Browser" library="SeleniumLibrary">
<arg>${base}${path}</arg>
<arg>${used_browser}</arg>
<doc>Opens a new browser instance to the optional ``url``.</doc>
<msg timestamp="20231225 20:35:48.226" level="INFO">Opening browser 'headlesschrome' to base url 'https://staging.karirlab.co/job'.</msg>
<status status="PASS" starttime="20231225 20:35:48.225" endtime="20231225 20:35:52.944"/>
</kw>
<kw name="Maximize Browser Window" library="SeleniumLibrary">
<doc>Maximizes current browser window.</doc>
<status status="PASS" starttime="20231225 20:35:52.944" endtime="20231225 20:35:53.149"/>
</kw>
<status status="PASS" starttime="20231225 20:35:48.212" endtime="20231225 20:35:53.149"/>
</kw>
<test id="s1-s4-t1" name="Validate filter section" line="8">
<for flavor="IN">
<var>${btn}</var>
<value>@{btn_filters}</value>
<iter>
<var name="${btn}">xpath:(//button[contains(@class, 'jobFilter')])[1]</var>
<kw name="Wait Until Keyword Succeeds" library="BuiltIn">
<arg>2x</arg>
<arg>3s</arg>
<arg>Element Should Be Visible</arg>
<arg>${btn}</arg>
<doc>Runs the specified keyword and retries if it fails.</doc>
<kw name="Element Should Be Visible" library="SeleniumLibrary">
<arg>${btn}</arg>
<doc>Verifies that the element identified by ``locator`` is visible.</doc>
<msg timestamp="20231225 20:35:53.731" level="INFO">Element 'xpath:(//button[contains(@class, 'jobFilter')])[1]' is displayed.</msg>
<status status="PASS" starttime="20231225 20:35:53.155" endtime="20231225 20:35:53.731"/>
</kw>
<status status="PASS" starttime="20231225 20:35:53.153" endtime="20231225 20:35:53.731"/>
</kw>
<kw name="Click Button" library="SeleniumLibrary">
<arg>${btn}</arg>
<doc>Clicks the button identified by ``locator``.</doc>
<msg timestamp="20231225 20:35:53.733" level="INFO">Clicking button 'xpath:(//button[contains(@class, 'jobFilter')])[1]'.</msg>
<status status="PASS" starttime="20231225 20:35:53.732" endtime="20231225 20:35:55.541"/>
</kw>
<status status="PASS" starttime="20231225 20:35:53.152" endtime="20231225 20:35:55.541"/>
</iter>
<iter>
<var name="${btn}">xpath:(//button[contains(@class, 'jobFilter')])[2]</var>
<kw name="Wait Until Keyword Succeeds" library="BuiltIn">
<arg>2x</arg>
<arg>3s</arg>
<arg>Element Should Be Visible</arg>
<arg>${btn}</arg>
<doc>Runs the specified keyword and retries if it fails.</doc>
<kw name="Element Should Be Visible" library="SeleniumLibrary">
<arg>${btn}</arg>
<doc>Verifies that the element identified by ``locator`` is visible.</doc>
<msg timestamp="20231225 20:35:55.817" level="INFO">Element 'xpath:(//button[contains(@class, 'jobFilter')])[2]' is displayed.</msg>
<status status="PASS" starttime="20231225 20:35:55.544" endtime="20231225 20:35:55.819"/>
</kw>
<status status="PASS" starttime="20231225 20:35:55.542" endtime="20231225 20:35:55.819"/>
</kw>
<kw name="Click Button" library="SeleniumLibrary">
<arg>${btn}</arg>
<doc>Clicks the button identified by ``locator``.</doc>
<msg timestamp="20231225 20:35:55.820" level="INFO">Clicking button 'xpath:(//button[contains(@class, 'jobFilter')])[2]'.</msg>
<status status="PASS" starttime="20231225 20:35:55.819" endtime="20231225 20:35:55.974"/>
</kw>
<status status="PASS" starttime="20231225 20:35:55.542" endtime="20231225 20:35:55.974"/>
</iter>
<status status="PASS" starttime="20231225 20:35:53.151" endtime="20231225 20:35:55.974"/>
</for>
<for flavor="IN">
<var>${textbox}</var>
<value>@{text_boxes}</value>
<iter>
<var name="${textbox}">name:keyword</var>
<kw name="Wait Until Element Is Enabled" library="SeleniumLibrary">
<arg>${textbox}</arg>
<doc>Waits until the element ``locator`` is enabled.</doc>
<status status="PASS" starttime="20231225 20:35:55.975" endtime="20231225 20:35:56.022"/>
</kw>
<kw name="Input Text" library="SeleniumLibrary">
<arg>${textbox}</arg>
<arg>Writing on ${textbox}</arg>
<doc>Types the given ``text`` into the text field identified by ``locator``.</doc>
<msg timestamp="20231225 20:35:56.024" level="INFO">Typing text 'Writing on name:keyword' into text field 'name:keyword'.</msg>
<status status="PASS" starttime="20231225 20:35:56.023" endtime="20231225 20:35:56.471"/>
</kw>
<status status="PASS" starttime="20231225 20:35:55.975" endtime="20231225 20:35:56.471"/>
</iter>
<iter>
<var name="${textbox}">name:company_industries</var>
<kw name="Wait Until Element Is Enabled" library="SeleniumLibrary">
<arg>${textbox}</arg>
<doc>Waits until the element ``locator`` is enabled.</doc>
<status status="PASS" starttime="20231225 20:35:56.472" endtime="20231225 20:35:56.515"/>
</kw>
<kw name="Input Text" library="SeleniumLibrary">
<arg>${textbox}</arg>
<arg>Writing on ${textbox}</arg>
<doc>Types the given ``text`` into the text field identified by ``locator``.</doc>
<msg timestamp="20231225 20:35:56.517" level="INFO">Typing text 'Writing on name:company_industries' into text field 'name:company_industries'.</msg>
<status status="PASS" starttime="20231225 20:35:56.516" endtime="20231225 20:35:57.045"/>
</kw>
<status status="PASS" starttime="20231225 20:35:56.472" endtime="20231225 20:35:57.045"/>
</iter>
<iter>
<var name="${textbox}">name:locations</var>
<kw name="Wait Until Element Is Enabled" library="SeleniumLibrary">
<arg>${textbox}</arg>
<doc>Waits until the element ``locator`` is enabled.</doc>
<status status="PASS" starttime="20231225 20:35:57.046" endtime="20231225 20:35:57.257"/>
</kw>
<kw name="Input Text" library="SeleniumLibrary">
<arg>${textbox}</arg>
<arg>Writing on ${textbox}</arg>
<doc>Types the given ``text`` into the text field identified by ``locator``.</doc>
<msg timestamp="20231225 20:35:57.260" level="INFO">Typing text 'Writing on name:locations' into text field 'name:locations'.</msg>
<status status="PASS" starttime="20231225 20:35:57.258" endtime="20231225 20:35:57.499"/>
</kw>
<status status="PASS" starttime="20231225 20:35:57.046" endtime="20231225 20:35:57.500"/>
</iter>
<status status="PASS" starttime="20231225 20:35:55.974" endtime="20231225 20:35:57.500"/>
</for>
<for flavor="IN">
<var>${checkbox}</var>
<value>@{checkboxes}</value>
<iter>
<var name="${checkbox}">xpath://input[@value='Internship']</var>
<kw name="Wait Until Element Is Enabled" library="SeleniumLibrary">
<arg>${checkbox}</arg>
<doc>Waits until the element ``locator`` is enabled.</doc>
<status status="PASS" starttime="20231225 20:35:57.502" endtime="20231225 20:35:57.544"/>
</kw>
<kw name="Wait Until Keyword Succeeds" library="BuiltIn">
<arg>2x</arg>
<arg>3s</arg>
<arg>Click Element</arg>
<arg>${checkbox}</arg>
<doc>Runs the specified keyword and retries if it fails.</doc>
<kw name="Click Element" library="SeleniumLibrary">
<arg>${checkbox}</arg>
<doc>Click the element identified by ``locator``.</doc>
<msg timestamp="20231225 20:35:57.547" level="INFO">Clicking element 'xpath://input[@value='Internship']'.</msg>
<status status="PASS" starttime="20231225 20:35:57.545" endtime="20231225 20:35:57.631"/>
</kw>
<status status="PASS" starttime="20231225 20:35:57.545" endtime="20231225 20:35:57.631"/>
</kw>
<status status="PASS" starttime="20231225 20:35:57.502" endtime="20231225 20:35:57.631"/>
</iter>
<iter>
<var name="${checkbox}">xpath://input[@value='Partnership']</var>
<kw name="Wait Until Element Is Enabled" library="SeleniumLibrary">
<arg>${checkbox}</arg>
<doc>Waits until the element ``locator`` is enabled.</doc>
<status status="PASS" starttime="20231225 20:35:57.632" endtime="20231225 20:35:57.691"/>
</kw>
<kw name="Wait Until Keyword Succeeds" library="BuiltIn">
<arg>2x</arg>
<arg>3s</arg>
<arg>Click Element</arg>
<arg>${checkbox}</arg>
<doc>Runs the specified keyword and retries if it fails.</doc>
<kw name="Click Element" library="SeleniumLibrary">
<arg>${checkbox}</arg>
<doc>Click the element identified by ``locator``.</doc>
<msg timestamp="20231225 20:35:57.694" level="INFO">Clicking element 'xpath://input[@value='Partnership']'.</msg>
<status status="PASS" starttime="20231225 20:35:57.693" endtime="20231225 20:35:57.762"/>
</kw>
[...]
<status status="PASS" starttime="20231225 20:36:20.216" endtime="20231225 20:36:20.220"/>
</kw>
<kw name="Convert To String" library="BuiltIn">
<var>${card_easy_apply}</var>
<arg>xpath:(${body_job_easy_apply})[${counter+1}]</arg>
<doc>Converts the given item to a Unicode string.</doc>
<msg timestamp="20231225 20:36:20.226" level="INFO">${card_easy_apply} = xpath:(//div[contains(@class, 'easyApply')])[10]</msg>
<status status="PASS" starttime="20231225 20:36:20.221" endtime="20231225 20:36:20.226"/>
</kw>
<kw name="Set To Dictionary" library="Collections">
<arg>${current_card}</arg>
<arg>logo=${card_logo}</arg>
<doc>Adds the given ``key_value_pairs`` and/or ``items`` to the ``dictionary``.</doc>
<status status="PASS" starttime="20231225 20:36:20.227" endtime="20231225 20:36:20.231"/>
</kw>
<kw name="Set To Dictionary" library="Collections">
<arg>${current_card}</arg>
<arg>company=${card_company}</arg>
<doc>Adds the given ``key_value_pairs`` and/or ``items`` to the ``dictionary``.</doc>
<status status="PASS" starttime="20231225 20:36:20.232" endtime="20231225 20:36:20.233"/>
</kw>
<kw name="Set To Dictionary" library="Collections">
<arg>${current_card}</arg>
<arg>title=${card_title}</arg>
<doc>Adds the given ``key_value_pairs`` and/or ``items`` to the ``dictionary``.</doc>
<status status="PASS" starttime="20231225 20:36:20.234" endtime="20231225 20:36:20.235"/>
</kw>
<kw name="Set To Dictionary" library="Collections">
<arg>${current_card}</arg>
<arg>location=${card_location}</arg>
<doc>Adds the given ``key_value_pairs`` and/or ``items`` to the ``dictionary``.</doc>
<status status="PASS" starttime="20231225 20:36:20.235" endtime="20231225 20:36:20.237"/>
</kw>
<kw name="Set To Dictionary" library="Collections">
<arg>${current_card}</arg>
<arg>description=${card_description}</arg>
<doc>Adds the given ``key_value_pairs`` and/or ``items`` to the ``dictionary``.</doc>
<status status="PASS" starttime="20231225 20:36:20.237" endtime="20231225 20:36:20.239"/>
</kw>
<kw name="Set To Dictionary" library="Collections">
<arg>${current_card}</arg>
<arg>industry=${card_industry}</arg>
<doc>Adds the given ``key_value_pairs`` and/or ``items`` to the ``dictionary``.</doc>
<status status="PASS" starttime="20231225 20:36:20.239" endtime="20231225 20:36:20.241"/>
</kw>
<kw name="Set To Dictionary" library="Collections">
<arg>${current_card}</arg>
<arg>type=${card_type}</arg>
<doc>Adds the given ``key_value_pairs`` and/or ``items`` to the ``dictionary``.</doc>
<status status="PASS" starttime="20231225 20:36:20.242" endtime="20231225 20:36:20.245"/>
</kw>
<kw name="Set To Dictionary" library="Collections">
<arg>${current_card}</arg>
<arg>daycount=${card_daycount}</arg>
<doc>Adds the given ``key_value_pairs`` and/or ``items`` to the ``dictionary``.</doc>
<status status="PASS" starttime="20231225 20:36:20.246" endtime="20231225 20:36:20.248"/>
</kw>
<kw name="Set To Dictionary" library="Collections">
<arg>${current_card}</arg>
<arg>easy_apply=${card_easy_apply}</arg>
<doc>Adds the given ``key_value_pairs`` and/or ``items`` to the ``dictionary``.</doc>
<status status="PASS" starttime="20231225 20:36:20.249" endtime="20231225 20:36:20.250"/>
</kw>
<kw name="Append To List" library="Collections">
<arg>${card_data}</arg>
<arg>${current_card}</arg>
<doc>Adds ``values`` to the end of ``list``.</doc>
<status status="PASS" starttime="20231225 20:36:20.251" endtime="20231225 20:36:20.252"/>
</kw>
<status status="PASS" starttime="20231225 20:36:20.173" endtime="20231225 20:36:20.253"/>
</iter>
<status status="PASS" starttime="20231225 20:36:18.670" endtime="20231225 20:36:20.253"/>
</for>
<msg timestamp="20231225 20:36:20.254" level="INFO">${collected_cards} = [{'logo': "xpath:(//img[contains(@class, 'jobCard__image')])[1]", 'company': "xpath:(//div[contains(@class, 'jobCard__content')]/span[contains(@class, 'secondary')])[1]", 'title': "xpath:(//div[contai...</msg>
<status status="PASS" starttime="20231225 20:36:18.666" endtime="20231225 20:36:20.255"/>
</kw>
<kw name="Exit For Loop" library="BuiltIn">
<doc>Stops executing the enclosing FOR loop.</doc>
<msg timestamp="20231225 20:36:20.256" level="INFO">Exiting for loop altogether.</msg>
<status status="PASS" starttime="20231225 20:36:20.255" endtime="20231225 20:36:20.256"/>
</kw>
<status status="PASS" starttime="20231225 20:36:18.663" endtime="20231225 20:36:20.257"/>
</branch>
<branch type="ELSE">
<kw name="Log" library="BuiltIn">
<arg>Attempt ${attempt + 1} failed. Retrying...</arg>
<doc>Logs the given message with the given level.</doc>
<status status="NOT RUN" starttime="20231225 20:36:20.259" endtime="20231225 20:36:20.260"/>
</kw>
<status status="NOT RUN" starttime="20231225 20:36:20.257" endtime="20231225 20:36:20.263"/>
</branch>
<status status="PASS" starttime="20231225 20:36:18.659" endtime="20231225 20:36:20.264"/>
</if>
<status status="PASS" starttime="20231225 20:36:17.733" endtime="20231225 20:36:20.264"/>
</iter>
<status status="PASS" starttime="20231225 20:36:17.733" endtime="20231225 20:36:20.265"/>
</for>
<msg timestamp="20231225 20:36:20.266" level="INFO">${card_data} = [{'logo': "xpath:(//img[contains(@class, 'jobCard__image')])[1]", 'company': "xpath:(//div[contains(@class, 'jobCard__content')]/span[contains(@class, 'secondary')])[1]", 'title': "xpath:(//div[contai...</msg>
<status status="PASS" starttime="20231225 20:36:17.730" endtime="20231225 20:36:20.267"/>
</kw>
<kw name="Check job card" library="list_job">
<arg>${card_data}</arg>
<for flavor="IN">
<var>${item}</var>
<value>@{source}</value>
<iter>
<var name="${item}">{'logo': "xpath:(//img[contains(@class, 'jobCard__image')])[1]", 'company': "xpath:(//div[contains(@class, 'jobCard__content')]/span[contains(@class, 'secondary')])[1]", 'title': "xpath:(//div[contain...</var>
<kw name="Wait Until Element Is Visible" library="SeleniumLibrary">
<arg>${item["logo"]}</arg>
<doc>Waits until the element ``locator`` is visible.</doc>
<status status="PASS" starttime="20231225 20:36:20.283" endtime="20231225 20:36:22.903"/>
</kw>
<kw name="Wait Until Element Is Visible" library="SeleniumLibrary">
<arg>${item["company"]}</arg>
<doc>Waits until the element ``locator`` is visible.</doc>
<status status="PASS" starttime="20231225 20:36:22.904" endtime="20231225 20:36:22.975"/>
</kw>
<kw name="Wait Until Element Is Visible" library="SeleniumLibrary">
<arg>${item["title"]}</arg>
<doc>Waits until the element ``locator`` is visible.</doc>
<status status="PASS" starttime="20231225 20:36:22.976" endtime="20231225 20:36:23.399"/>
</kw>
<kw name="Wait Until Element Is Visible" library="SeleniumLibrary">
<arg>${item["location"]}</arg>
<doc>Waits until the element ``locator`` is visible.</doc>
<status status="PASS" starttime="20231225 20:36:23.400" endtime="20231225 20:36:23.447"/>
</kw>
<kw name="Wait Until Element Is Visible" library="SeleniumLibrary">
<arg>${item["description"]}</arg>
<doc>Waits until the element ``locator`` is visible.</doc>
<status status="PASS" starttime="20231225 20:36:23.448" endtime="20231225 20:36:23.492"/>
</kw>
<kw name="Wait Until Element Is Visible" library="SeleniumLibrary">
<arg>${item["industry"]}</arg>
<doc>Waits until the element ``locator`` is visible.</doc>
<status status="PASS" starttime="20231225 20:36:23.493" endtime="20231225 20:36:23.534"/>
</kw>
<kw name="Wait Until Element Is Visible" library="SeleniumLibrary">
<arg>${item["type"]}</arg>
<doc>Waits until the element ``locator`` is visible.</doc>
<status status="PASS" starttime="20231225 20:36:23.534" endtime="20231225 20:36:23.576"/>
</kw>
<kw name="Wait Until Element Is Visible" library="SeleniumLibrary">
<arg>${item["daycount"]}</arg>
<doc>Waits until the element ``locator`` is visible.</doc>
<status status="PASS" starttime="20231225 20:36:23.577" endtime="20231225 20:36:23.617"/>
</kw>
<kw name="Wait Until Element Is Visible" library="SeleniumLibrary">
<arg>${item["easy_apply"]}</arg>
<doc>Waits until the element ``locator`` is visible.</doc>
<status status="PASS" starttime="20231225 20:36:23.617" endtime="20231225 20:36:23.663"/>
</kw>
<kw name="Wait Until Keyword Succeeds" library="BuiltIn">
<arg>5s</arg>
<arg>2</arg>
<arg>Click Element</arg>
<arg>${item["easy_apply"]}</arg>
<doc>Runs the specified keyword and retries if it fails.</doc>
<kw name="Click Element" library="SeleniumLibrary">
<arg>${item["easy_apply"]}</arg>
<doc>Click the element identified by ``locator``.</doc>
<msg timestamp="20231225 20:36:23.669" level="INFO">Clicking element 'xpath:(//div[contains(@class, 'easyApply')])[1]'.</msg>
<status status="PASS" starttime="20231225 20:36:23.665" endtime="20231225 20:36:23.914"/>
</kw>
<status status="PASS" starttime="20231225 20:36:23.664" endtime="20231225 20:36:23.914"/>
</kw>
<status status="PASS" starttime="20231225 20:36:20.273" endtime="20231225 20:36:23.915"/>
</iter>
<iter>
<var name="${item}">{'logo': "xpath:(//img[contains(@class, 'jobCard__image')])[2]", 'company': "xpath:(//div[contains(@class, 'jobCard__content')]/span[contains(@class, 'secondary')])[2]", 'title': "xpath:(//div[contain...</var>
<kw name="Wait Until Element Is Visible" library="SeleniumLibrary">
<arg>${item["logo"]}</arg>
<doc>Waits until the element ``locator`` is visible.</doc>
<status status="PASS" starttime="20231225 20:36:23.917" endtime="20231225 20:36:24.278"/>
</kw>
<kw name="Wait Until Element Is Visible" library="SeleniumLibrary">
<arg>${item["company"]}</arg>
<doc>Waits until the element ``locator`` is visible.</doc>
<status status="PASS" starttime="20231225 20:36:24.279" endtime="20231225 20:36:24.927"/>
</kw>
<kw name="Wait Until Element Is Visible" library="SeleniumLibrary">
<arg>${item["title"]}</arg>
<doc>Waits until the element ``locator`` is visible.</doc>
<status status="PASS" starttime="20231225 20:36:24.928" endtime="20231225 20:36:24.992"/>
</kw>
<kw name="Wait Until Element Is Visible" library="SeleniumLibrary">
<arg>${item["location"]}</arg>
<doc>Waits until the element ``locator`` is visible.</doc>
<status status="PASS" starttime="20231225 20:36:24.993" endtime="20231225 20:36:25.056"/>
</kw>
<kw name="Wait Until Element Is Visible" library="SeleniumLibrary">
<arg>${item["description"]}</arg>
<doc>Waits until the element ``locator`` is visible.</doc>
<status status="PASS" starttime="20231225 20:36:25.057" endtime="20231225 20:36:25.122"/>
</kw>
<kw name="Wait Until Element Is Visible" library="SeleniumLibrary">
<arg>${item["industry"]}</arg>
<doc>Waits until the element ``locator`` is visible.</doc>
<status status="PASS" starttime="20231225 20:36:25.123" endtime="20231225 20:36:25.177"/>
</kw>
<kw name="Wait Until Element Is Visible" library="SeleniumLibrary">
<arg>${item["type"]}</arg>
<doc>Waits until the element ``locator`` is visible.</doc>
<status status="PASS" starttime="20231225 20:36:25.178" endtime="20231225 20:36:25.238"/>
</kw>
<kw name="Wait Until Element Is Visible" library="SeleniumLibrary">
<arg>${item["daycount"]}</arg>
<doc>Waits until the element ``locator`` is visible.</doc>
<status status="PASS" starttime="20231225 20:36:25.239" endtime="20231225 20:36:25.305"/>
</kw>
<kw name="Wait Until Element Is Visible" library="SeleniumLibrary">
<arg>${item["easy_apply"]}</arg>
<doc>Waits until the element ``locator`` is visible.</doc>
<status status="PASS" starttime="20231225 20:36:25.306" endtime="20231225 20:36:25.371"/>
</kw>
<kw name="Wait Until Keyword Succeeds" library="BuiltIn">
<arg>5s</arg>
<arg>2</arg>
<arg>Click Element</arg>
<arg>${item["easy_apply"]}</arg>
<doc>Runs the specified keyword and retries if it fails.</doc>
<kw name="Click Element" library="SeleniumLibrary">
<arg>${item["easy_apply"]}</arg>
<doc>Click the element identified by ``locator``.</doc>
<msg timestamp="20231225 20:36:25.378" level="INFO">Clicking element 'xpath:(//div[contains(@class, 'easyApply')])[2]'.</msg>
<status status="PASS" starttime="20231225 20:36:25.374" endtime="20231225 20:36:25.733"/>
</kw>
<status status="PASS" starttime="20231225 20:36:25.372" endtime="20231225 20:36:25.734"/>
</kw>
<status status="PASS" starttime="20231225 20:36:23.915" endtime="20231225 20:36:25.734"/>
</iter>
<iter>
<var name="${item}">{'logo': "xpath:(//img[contains(@class, 'jobCard__image')])[3]", 'company': "xpath:(//div[contains(@class, 'jobCard__content')]/span[contains(@class, 'secondary')])[3]", 'title': "xpath:(//div[contain...</var>
<kw name="Wait Until Element Is Visible" library="SeleniumLibrary">
<arg>${item["logo"]}</arg>
<doc>Waits until the element ``locator`` is visible.</doc>
<status status="PASS" starttime="20231225 20:36:25.741" endtime="20231225 20:36:30.738"/>
</kw>
<kw name="Wait Until Element Is Visible" library="SeleniumLibrary">
<arg>${item["company"]}</arg>
<doc>Waits until the element ``locator`` is visible.</doc>
<status status="PASS" starttime="20231225 20:36:30.739" endtime="20231225 20:36:33.612"/>
</kw>
<kw name="Wait Until Element Is Visible" library="SeleniumLibrary">
<arg>${item["title"]}</arg>
<doc>Waits until the element ``locator`` is visible.</doc>
<msg timestamp="20231225 20:36:55.119" level="INFO" html="true">&lt;/td&gt;&lt;/tr&gt;&lt;tr&gt;&lt;td colspan="3"&gt;&lt;a href="selenium-screenshot-3.png"&gt;&lt;img src="selenium-screenshot-3.png" width="800px"&gt;&lt;/a&gt;</msg>
<msg timestamp="20231225 20:36:55.120" level="FAIL">TimeoutException: Message: script timeout
  (Session info: chrome=120.0.6099.111)
Stacktrace:
	GetHandleVerifier [0x00007FF6B8CE2142+3514994]
	(No symbol) [0x00007FF6B8900CE2]
	(No symbol) [0x00007FF6B87A74C3]
	(No symbol) [0x00007FF6B88332D9]
	(No symbol) [0x00007FF6B8815FEA]
	(No symbol) [0x00007FF6B88328F6]
	(No symbol) [0x00007FF6B8815D93]
	(No symbol) [0x00007FF6B87E4BDC]
	(No symbol) [0x00007FF6B87E5C64]
	GetHandleVerifier [0x00007FF6B8D0E16B+3695259]
	GetHandleVerifier [0x00007FF6B8D66737+4057191]
	GetHandleVerifier [0x00007FF6B8D5E4E3+4023827]
	GetHandleVerifier [0x00007FF6B8A304F9+689705]
	(No symbol) [0x00007FF6B890C048]
	(No symbol) [0x00007FF6B8908044]
	(No symbol) [0x00007FF6B89081C9]
	(No symbol) [0x00007FF6B88F88C4]
	BaseThreadInitThunk [0x00007FFCEBF87344+20]
	RtlUserThreadStart [0x00007FFCECB026B1+33]
</msg>
<status status="FAIL" starttime="20231225 20:36:33.613" endtime="20231225 20:36:55.217"/>
</kw>
<kw name="Wait Until Element Is Visible" library="SeleniumLibrary">
<arg>${item["location"]}</arg>
<doc>Waits until the element ``locator`` is visible.</doc>
<status status="NOT RUN" starttime="20231225 20:36:55.218" endtime="20231225 20:36:55.219"/>
</kw>
<kw name="Wait Until Element Is Visible" library="SeleniumLibrary">
<arg>${item["description"]}</arg>
<doc>Waits until the element ``locator`` is visible.</doc>
<status status="NOT RUN" starttime="20231225 20:36:55.219" endtime="20231225 20:36:55.220"/>
</kw>
<kw name="Wait Until Element Is Visible" library="SeleniumLibrary">
<arg>${item["industry"]}</arg>
<doc>Waits until the element ``locator`` is visible.</doc>
<status status="NOT RUN" starttime="20231225 20:36:55.221" endtime="20231225 20:36:55.221"/>
</kw>
<kw name="Wait Until Element Is Visible" library="SeleniumLibrary">
<arg>${item["type"]}</arg>
<doc>Waits until the element ``locator`` is visible.</doc>
<status status="NOT RUN" starttime="20231225 20:36:55.221" endtime="20231225 20:36:55.222"/>
</kw>
<kw name="Wait Until Element Is Visible" library="SeleniumLibrary">
<arg>${item["daycount"]}</arg>
<doc>Waits until the element ``locator`` is visible.</doc>
<status status="NOT RUN" starttime="20231225 20:36:55.222" endtime="20231225 20:36:55.223"/>
</kw>
<kw name="Wait Until Element Is Visible" library="SeleniumLibrary">
<arg>${item["easy_apply"]}</arg>
<doc>Waits until the element ``locator`` is visible.</doc>
<status status="NOT RUN" starttime="20231225 20:36:55.223" endtime="20231225 20:36:55.224"/>
</kw>
<kw name="Wait Until Keyword Succeeds" library="BuiltIn">
<arg>5s</arg>
<arg>2</arg>
<arg>Click Element</arg>
<arg>${item["easy_apply"]}</arg>
<doc>Runs the specified keyword and retries if it fails.</doc>
<status status="NOT RUN" starttime="20231225 20:36:55.224" endtime="20231225 20:36:55.226"/>
</kw>
<status status="FAIL" starttime="20231225 20:36:25.735" endtime="20231225 20:36:55.227"/>
</iter>
<status status="FAIL" starttime="20231225 20:36:20.272" endtime="20231225 20:36:55.227"/>
</for>
<status status="FAIL" starttime="20231225 20:36:20.267" endtime="20231225 20:36:55.228"/>
</kw>
<status status="FAIL" starttime="20231225 20:36:01.108" endtime="20231225 20:36:55.229">TimeoutException: Message: script timeout
  (Session info: chrome=120.0.6099.111)
Stacktrace:
	GetHandleVerifier [0x00007FF6B8CE2142+3514994]
	(No symbol) [0x00007FF6B8900CE2]
	(No symbol) [0x00007FF6B87A74C3]
	(No symbol) [0x00007FF6B88332D9]
	(No symbol) [0x00007FF6B8815FEA]
	(No symbol) [0x00007FF6B88328F6]
	(No symbol) [0x00007FF6B8815D93]
	(No symbol) [0x00007FF6B87E4BDC]
	(No symbol) [0x00007FF6B87E5C64]
	GetHandleVerifier [0x00007FF6B8D0E16B+3695259]
	GetHandleVerifier [0x00007FF6B8D66737+4057191]
	GetHandleVerifier [0x00007FF6B8D5E4E3+4023827]
	GetHandleVerifier [0x00007FF6B8A304F9+689705]
	(No symbol) [0x00007FF6B890C048]
	(No symbol) [0x00007FF6B8908044]
	(No symbol) [0x00007FF6B89081C9]
	(No symbol) [0x00007FF6B88F88C4]
	BaseThreadInitThunk [0x00007FFCEBF87344+20]
	RtlUserThreadStart [0x00007FFCECB026B1+33]
</status>
</test>
<kw name="Close All Browsers" library="SeleniumLibrary" type="TEARDOWN">
<doc>Closes all open browsers and resets the browser cache.</doc>
<status status="PASS" starttime="20231225 20:36:55.232" endtime="20231225 20:37:09.282"/>
</kw>
<status status="FAIL" starttime="20231225 20:35:48.176" endtime="20231225 20:37:09.283"/>
</suite>
<suite id="s1-s5" name="Resume Builder Page" source="D:\Docs\Scripting\PyCharm\karirlab-qa-automation\tests\smoke\resume_builder_page.robot">
<test id="s1-s5-t1" name="Validate Header Section" line="13">
<for flavor="IN">
<var>${input_resume_name}</var>
<value>@{LIST}</value>
<iter>
<var name="${input_resume_name}"/>
<kw name="Log" library="BuiltIn">
<arg>${element}</arg>
<doc>Logs the given message with the given level.</doc>
<status status="NOT RUN" starttime="20231225 20:37:09.337" endtime="20231225 20:37:09.337"/>
</kw>
<status status="NOT RUN" starttime="20231225 20:37:09.336" endtime="20231225 20:37:09.337"/>
</iter>
<msg timestamp="20231225 20:37:09.337" level="FAIL">Variable '@{LIST}' not found.</msg>
<status status="FAIL" starttime="20231225 20:37:09.334" endtime="20231225 20:37:09.337"/>
</for>
<kw name="Close Browser" library="SeleniumLibrary" type="TEARDOWN">
<doc>Closes the current browser.</doc>
<status status="PASS" starttime="20231225 20:37:09.338" endtime="20231225 20:37:09.339"/>
</kw>
<status status="FAIL" starttime="20231225 20:37:09.333" endtime="20231225 20:37:09.339">Variable '@{LIST}' not found.</status>
</test>
<status status="FAIL" starttime="20231225 20:37:09.285" endtime="20231225 20:37:09.340"/>
</suite>
<status status="FAIL" starttime="20231225 20:35:09.949" endtime="20231225 20:37:09.342"/>
</suite>
<statistics>
<total>
<stat pass="8" fail="13" skip="0">All Tests</stat>
</total>
<tag>
</tag>
<suite>
<stat pass="8" fail="13" skip="0" id="s1" name="Smoke">Smoke</stat>
<stat pass="0" fail="2" skip="0" id="s1-s1" name="Job Applied">Smoke.Job Applied</stat>
<stat pass="0" fail="9" skip="0" id="s1-s2" name="Job Apply">Smoke.Job Apply</stat>
<stat pass="5" fail="0" skip="0" id="s1-s3" name="Job Details">Smoke.Job Details</stat>
<stat pass="3" fail="1" skip="0" id="s1-s4" name="Job Page">Smoke.Job Page</stat>
<stat pass="0" fail="1" skip="0" id="s1-s5" name="Resume Builder Page">Smoke.Resume Builder Page</stat>
</suite>
</statistics>
<errors>
<msg timestamp="20231225 20:37:09.322" level="ERROR">Error in file 'D:\Docs\Scripting\PyCharm\karirlab-qa-automation\tests\smoke\resume_builder_page.robot' on line 5: Error in file 'D:\Docs\Scripting\PyCharm\karirlab-qa-automation\tests\landing_page.robot' on line 11: Resource file with 'Test Cases' section is invalid.</msg>
</errors>
</robot>
