<?xml version="1.0" encoding="UTF-8"?>
<robot generator="Robot 6.1.1 (Python 3.9.12 on win32)" generated="20231227 14:29:25.150" rpa="false" schemaversion="4">
<suite id="s1" name="Karirlab-Qa-Automation" source="D:\Docs\Scripting\VS Code\karirlab-qa-automation">
<suite id="s1-s1" name="Sketch" source="D:\Docs\Scripting\VS Code\karirlab-qa-automation\sketch">
<suite id="s1-s1-s1" name="Debug" source="D:\Docs\Scripting\VS Code\karirlab-qa-automation\sketch\debug.robot">
<test id="s1-s1-s1-t1" name="Validate URL combination" line="122">
<kw name="Retrieve base URL">
<var>${base}</var>
<arg>${feature}</arg>
<arg>${env}</arg>
<arg>${type}</arg>
<doc>Returns the function as url string (https://staging.karirlab.co/admin)
"page": contain the main page you choose (karirlab, employers, etc),
"env": Selected environment (prod, staging, dev, etc),
"type": only contain admin/user</doc>
<kw name="Read JSON data">
<var>${source}</var>
<arg>base_url_routing.json</arg>
<doc>Returns the function as reading json file from the given json files</doc>
<kw name="Get File" library="OperatingSystem">
<var>${raw_data}</var>
<arg>resources/data/${file_name}</arg>
<doc>Returns the contents of a specified file.</doc>
<msg timestamp="20231227 14:29:25.701" level="INFO" html="true">Getting file '&lt;a href="file://D:\Docs\Scripting\VS Code\karirlab-qa-automation\resources\data\base_url_routing.json"&gt;D:\Docs\Scripting\VS Code\karirlab-qa-automation\resources\data\base_url_routing.json&lt;/a&gt;'.</msg>
<msg timestamp="20231227 14:29:25.702" level="INFO">${raw_data} = [
    {"karirlab":[
        {"prod":[
            {"user": "https://karirlab.co"},
            {"admin": "https://karirlab.co/admin"}
        ]},
        {"staging": [
            {"user": "https://st...</msg>
<status status="PASS" starttime="20231227 14:29:25.700" endtime="20231227 14:29:25.703"/>
</kw>
<kw name="Evaluate" library="BuiltIn">
<var>${json}</var>
<arg>json.loads('''${raw_data}''')</arg>
<doc>Evaluates the given expression in Python and returns the result.</doc>
<msg timestamp="20231227 14:29:25.706" level="INFO">${json} = [{'karirlab': [{'prod': [{'user': 'https://karirlab.co'}, {'admin': 'https://karirlab.co/admin'}]}, {'staging': [{'user': 'https://staging.karirlab.co'}, {'admin': 'https://staging.karirlab.co/admin'}...</msg>
<status status="PASS" starttime="20231227 14:29:25.704" endtime="20231227 14:29:25.707"/>
</kw>
<msg timestamp="20231227 14:29:25.708" level="INFO">${source} = [{'karirlab': [{'prod': [{'user': 'https://karirlab.co'}, {'admin': 'https://karirlab.co/admin'}]}, {'staging': [{'user': 'https://staging.karirlab.co'}, {'admin': 'https://staging.karirlab.co/admin'}...</msg>
<status status="PASS" starttime="20231227 14:29:25.699" endtime="20231227 14:29:25.708"/>
</kw>
<for flavor="IN">
<var>${base_page}</var>
<value>@{source}</value>
<iter>
<var name="${base_page}">{'karirlab': [{'prod': [{'user': 'https://karirlab.co'}, {'admin': 'https://karirlab.co/admin'}]}, {'staging': [{'user': 'https://staging.karirlab.co'}, {'admin': 'https://staging.karirlab.co/admin'}]...</var>
<for flavor="IN">
<var>${selected_page}</var>
<value>${base_page}</value>
<iter>
<var name="${selected_page}">{'karirlab': [{'prod': [{'user': 'https://karirlab.co'}, {'admin': 'https://karirlab.co/admin'}]}, {'staging': [{'user': 'https://staging.karirlab.co'}, {'admin': 'https://staging.karirlab.co/admin'}]...</var>
<kw name="Get Dictionary Items" library="Collections">
<var>${page_name}</var>
<var>${page_data}</var>
<arg>${selected_page}</arg>
<doc>Returns items of the given ``dictionary`` as a list.</doc>
<msg timestamp="20231227 14:29:25.713" level="INFO">${page_name} = karirlab</msg>
<msg timestamp="20231227 14:29:25.714" level="INFO">${page_data} = [{'prod': [{'user': 'https://karirlab.co'}, {'admin': 'https://karirlab.co/admin'}]}, {'staging': [{'user': 'https://staging.karirlab.co'}, {'admin': 'https://staging.karirlab.co/admin'}]}, {'dev': [{...</msg>
<status status="PASS" starttime="20231227 14:29:25.712" endtime="20231227 14:29:25.715"/>
</kw>
<if>
<branch type="IF" condition="'${page_name}' == '${feature}'">
<for flavor="IN">
<var>${item}</var>
<value>${base_page}[${feature}]</value>
<iter>
<var name="${item}">[{'prod': [{'user': 'https://karirlab.co'}, {'admin': 'https://karirlab.co/admin'}]}, {'staging': [{'user': 'https://staging.karirlab.co'}, {'admin': 'https://staging.karirlab.co/admin'}]}, {'dev': [{...</var>
<for flavor="IN">
<var>${comps}</var>
<value>@{item}</value>
<iter>
<var name="${comps}">{'prod': [{'user': 'https://karirlab.co'}, {'admin': 'https://karirlab.co/admin'}]}</var>
<kw name="Get Dictionary Items" library="Collections">
<var>${env_keyword}</var>
<var>${env_content}</var>
<arg>${comps}</arg>
<doc>Returns items of the given ``dictionary`` as a list.</doc>
<msg timestamp="20231227 14:29:25.723" level="INFO">${env_keyword} = prod</msg>
<msg timestamp="20231227 14:29:25.724" level="INFO">${env_content} = [{'user': 'https://karirlab.co'}, {'admin': 'https://karirlab.co/admin'}]</msg>
<status status="PASS" starttime="20231227 14:29:25.720" endtime="20231227 14:29:25.726"/>
</kw>
<if>
<branch type="IF" condition="'${env_keyword}' == '${env}'">
<kw name="Set Variable" library="BuiltIn">
<var>${selected_env}</var>
<arg>${comps}[${env_keyword}]</arg>
<doc>Returns the given values which can then be assigned to a variables.</doc>
<status status="NOT RUN" starttime="20231227 14:29:25.729" endtime="20231227 14:29:25.729"/>
</kw>
<for flavor="IN">
<var>${page_type}</var>
<value>@{selected_env}</value>
<iter>
<var name="${page_type}"/>
<kw name="Get Dictionary Items" library="Collections">
<var>${url_type}</var>
<var>${url_value}</var>
<arg>${page_type}</arg>
<doc>Returns items of the given ``dictionary`` as a list.</doc>
<status status="NOT RUN" starttime="20231227 14:29:25.730" endtime="20231227 14:29:25.730"/>
</kw>
<if>
<branch type="IF" condition="'${url_type}' == '${type}'">
<return>
<value>${url_value}</value>
<status status="NOT RUN" starttime="20231227 14:29:25.731" endtime="20231227 14:29:25.731"/>
</return>
<status status="NOT RUN" starttime="20231227 14:29:25.730" endtime="20231227 14:29:25.731"/>
</branch>
<branch type="ELSE">
<kw name="Continue For Loop" library="BuiltIn">
<doc>Skips the current FOR loop iteration and continues from the next.</doc>
<status status="NOT RUN" starttime="20231227 14:29:25.732" endtime="20231227 14:29:25.732"/>
</kw>
<status status="NOT RUN" starttime="20231227 14:29:25.731" endtime="20231227 14:29:25.732"/>
</branch>
<status status="NOT RUN" starttime="20231227 14:29:25.730" endtime="20231227 14:29:25.732"/>
</if>
<status status="NOT RUN" starttime="20231227 14:29:25.730" endtime="20231227 14:29:25.732"/>
</iter>
<status status="NOT RUN" starttime="20231227 14:29:25.729" endtime="20231227 14:29:25.732"/>
</for>
<break>
<status status="NOT RUN" starttime="20231227 14:29:25.733" endtime="20231227 14:29:25.733"/>
</break>
<status status="NOT RUN" starttime="20231227 14:29:25.728" endtime="20231227 14:29:25.733"/>
</branch>
<branch type="ELSE">
<kw name="Continue For Loop" library="BuiltIn">
<doc>Skips the current FOR loop iteration and continues from the next.</doc>
<msg timestamp="20231227 14:29:25.734" level="INFO">Continuing for loop from the next iteration.</msg>
<status status="PASS" starttime="20231227 14:29:25.734" endtime="20231227 14:29:25.735"/>
</kw>
<status status="PASS" starttime="20231227 14:29:25.733" endtime="20231227 14:29:25.735"/>
</branch>
<status status="PASS" starttime="20231227 14:29:25.727" endtime="20231227 14:29:25.735"/>
</if>
<status status="PASS" starttime="20231227 14:29:25.718" endtime="20231227 14:29:25.735"/>
</iter>
<iter>
<var name="${comps}">{'staging': [{'user': 'https://staging.karirlab.co'}, {'admin': 'https://staging.karirlab.co/admin'}]}</var>
<kw name="Get Dictionary Items" library="Collections">
<var>${env_keyword}</var>
<var>${env_content}</var>
<arg>${comps}</arg>
<doc>Returns items of the given ``dictionary`` as a list.</doc>
<msg timestamp="20231227 14:29:25.737" level="INFO">${env_keyword} = staging</msg>
<msg timestamp="20231227 14:29:25.737" level="INFO">${env_content} = [{'user': 'https://staging.karirlab.co'}, {'admin': 'https://staging.karirlab.co/admin'}]</msg>
<status status="PASS" starttime="20231227 14:29:25.736" endtime="20231227 14:29:25.738"/>
</kw>
<if>
<branch type="IF" condition="'${env_keyword}' == '${env}'">
<kw name="Set Variable" library="BuiltIn">
<var>${selected_env}</var>
<arg>${comps}[${env_keyword}]</arg>
<doc>Returns the given values which can then be assigned to a variables.</doc>
<msg timestamp="20231227 14:29:25.741" level="INFO">${selected_env} = [{'user': 'https://staging.karirlab.co'}, {'admin': 'https://staging.karirlab.co/admin'}]</msg>
<status status="PASS" starttime="20231227 14:29:25.739" endtime="20231227 14:29:25.742"/>
</kw>
<for flavor="IN">
<var>${page_type}</var>
<value>@{selected_env}</value>
<iter>
<var name="${page_type}">{'user': 'https://staging.karirlab.co'}</var>
<kw name="Get Dictionary Items" library="Collections">
<var>${url_type}</var>
<var>${url_value}</var>
<arg>${page_type}</arg>
<doc>Returns items of the given ``dictionary`` as a list.</doc>
<msg timestamp="20231227 14:29:25.746" level="INFO">${url_type} = user</msg>
<msg timestamp="20231227 14:29:25.747" level="INFO">${url_value} = https://staging.karirlab.co</msg>
<status status="PASS" starttime="20231227 14:29:25.745" endtime="20231227 14:29:25.747"/>
</kw>
<if>
<branch type="IF" condition="'${url_type}' == '${type}'">
<return>
<value>${url_value}</value>
<status status="PASS" starttime="20231227 14:29:25.748" endtime="20231227 14:29:25.749"/>
</return>
<status status="PASS" starttime="20231227 14:29:25.748" endtime="20231227 14:29:25.749"/>
</branch>
<branch type="ELSE">
<kw name="Continue For Loop" library="BuiltIn">
<doc>Skips the current FOR loop iteration and continues from the next.</doc>
<status status="NOT RUN" starttime="20231227 14:29:25.750" endtime="20231227 14:29:25.751"/>
</kw>
<status status="NOT RUN" starttime="20231227 14:29:25.750" endtime="20231227 14:29:25.751"/>
</branch>
<status status="PASS" starttime="20231227 14:29:25.748" endtime="20231227 14:29:25.751"/>
</if>
<status status="PASS" starttime="20231227 14:29:25.744" endtime="20231227 14:29:25.751"/>
</iter>
<status status="PASS" starttime="20231227 14:29:25.742" endtime="20231227 14:29:25.752"/>
</for>
<break>
<status status="NOT RUN" starttime="20231227 14:29:25.752" endtime="20231227 14:29:25.752"/>
</break>
<status status="PASS" starttime="20231227 14:29:25.738" endtime="20231227 14:29:25.753"/>
</branch>
<branch type="ELSE">
<kw name="Continue For Loop" library="BuiltIn">
<doc>Skips the current FOR loop iteration and continues from the next.</doc>
<status status="NOT RUN" starttime="20231227 14:29:25.753" endtime="20231227 14:29:25.754"/>
</kw>
<status status="NOT RUN" starttime="20231227 14:29:25.753" endtime="20231227 14:29:25.754"/>
</branch>
<status status="PASS" starttime="20231227 14:29:25.738" endtime="20231227 14:29:25.756"/>
</if>
<status status="PASS" starttime="20231227 14:29:25.736" endtime="20231227 14:29:25.756"/>
</iter>
<status status="PASS" starttime="20231227 14:29:25.718" endtime="20231227 14:29:25.756"/>
</for>
<status status="PASS" starttime="20231227 14:29:25.717" endtime="20231227 14:29:25.757"/>
</iter>
<status status="PASS" starttime="20231227 14:29:25.716" endtime="20231227 14:29:25.757"/>
</for>
<status status="PASS" starttime="20231227 14:29:25.715" endtime="20231227 14:29:25.758"/>
</branch>
<branch type="ELSE">
<kw name="Exit For Loop" library="BuiltIn">
<doc>Stops executing the enclosing FOR loop.</doc>
<status status="NOT RUN" starttime="20231227 14:29:25.759" endtime="20231227 14:29:25.760"/>
</kw>
<status status="NOT RUN" starttime="20231227 14:29:25.759" endtime="20231227 14:29:25.760"/>
</branch>
<status status="PASS" starttime="20231227 14:29:25.715" endtime="20231227 14:29:25.761"/>
</if>
<status status="PASS" starttime="20231227 14:29:25.711" endtime="20231227 14:29:25.761"/>
</iter>
<status status="PASS" starttime="20231227 14:29:25.710" endtime="20231227 14:29:25.761"/>
</for>
<status status="PASS" starttime="20231227 14:29:25.709" endtime="20231227 14:29:25.761"/>
</iter>
<status status="PASS" starttime="20231227 14:29:25.708" endtime="20231227 14:29:25.762"/>
</for>
<msg timestamp="20231227 14:29:25.762" level="INFO">${base} = https://staging.karirlab.co</msg>
<status status="PASS" starttime="20231227 14:29:25.697" endtime="20231227 14:29:25.762"/>
</kw>
<kw name="Retrieve path URL">
<var>${path}</var>
<arg>${feature}</arg>
<arg>${type}</arg>
<arg>${page}</arg>
<kw name="Read JSON data">
<var>${source}</var>
<arg>path_routing.json</arg>
<doc>Returns the function as reading json file from the given json files</doc>
<kw name="Get File" library="OperatingSystem">
<var>${raw_data}</var>
<arg>resources/data/${file_name}</arg>
<doc>Returns the contents of a specified file.</doc>
<msg timestamp="20231227 14:29:25.766" level="INFO" html="true">Getting file '&lt;a href="file://D:\Docs\Scripting\VS Code\karirlab-qa-automation\resources\data\path_routing.json"&gt;D:\Docs\Scripting\VS Code\karirlab-qa-automation\resources\data\path_routing.json&lt;/a&gt;'.</msg>
<msg timestamp="20231227 14:29:25.767" level="INFO">${raw_data} = [
    {"karirlab":[
        {"user": [
            {"home": ""},
            {"education": "/education-platform"},
            {"about": "/about-us"},
            {"resume_builder": "/resume-builder"}...</msg>
<status status="PASS" starttime="20231227 14:29:25.765" endtime="20231227 14:29:25.768"/>
</kw>
<kw name="Evaluate" library="BuiltIn">
<var>${json}</var>
<arg>json.loads('''${raw_data}''')</arg>
<doc>Evaluates the given expression in Python and returns the result.</doc>
<msg timestamp="20231227 14:29:25.770" level="INFO">${json} = [{'karirlab': [{'user': [{'home': ''}, {'education': '/education-platform'}, {'about': '/about-us'}, {'resume_builder': '/resume-builder'}, {'resume_evaluation': 'dashboard/upload-new-resume'}, {'even...</msg>
<status status="PASS" starttime="20231227 14:29:25.768" endtime="20231227 14:29:25.770"/>
</kw>
<msg timestamp="20231227 14:29:25.771" level="INFO">${source} = [{'karirlab': [{'user': [{'home': ''}, {'education': '/education-platform'}, {'about': '/about-us'}, {'resume_builder': '/resume-builder'}, {'resume_evaluation': 'dashboard/upload-new-resume'}, {'even...</msg>
<status status="PASS" starttime="20231227 14:29:25.765" endtime="20231227 14:29:25.771"/>
</kw>
<for flavor="IN">
<var>${item}</var>
<value>@{source}</value>
<iter>
<var name="${item}">{'karirlab': [{'user': [{'home': ''}, {'education': '/education-platform'}, {'about': '/about-us'}, {'resume_builder': '/resume-builder'}, {'resume_evaluation': 'dashboard/upload-new-resume'}, {'event...</var>
<kw name="Get Dictionary Items" library="Collections">
<var>${feature_name}</var>
<var>${feature_routes}</var>
<arg>${item}</arg>
<doc>Returns items of the given ``dictionary`` as a list.</doc>
<msg timestamp="20231227 14:29:25.775" level="INFO">${feature_name} = karirlab</msg>
<msg timestamp="20231227 14:29:25.776" level="INFO">${feature_routes} = [{'user': [{'home': ''}, {'education': '/education-platform'}, {'about': '/about-us'}, {'resume_builder': '/resume-builder'}, {'resume_evaluation': 'dashboard/upload-new-resume'}, {'event': '/event'},...</msg>
<status status="PASS" starttime="20231227 14:29:25.773" endtime="20231227 14:29:25.776"/>
</kw>
<if>
<branch type="IF" condition="'${feature_name}' == '${feature}'">
<for flavor="IN">
<var>${page_name}</var>
<value>@{feature_routes}</value>
<iter>
<var name="${page_name}">{'user': [{'home': ''}, {'education': '/education-platform'}, {'about': '/about-us'}, {'resume_builder': '/resume-builder'}, {'resume_evaluation': 'dashboard/upload-new-resume'}, {'event': '/event'}, ...</var>
<kw name="Get Dictionary Items" library="Collections">
<var>${page_mode}</var>
<var>${mode_value}</var>
<arg>${page_name}</arg>
<doc>Returns items of the given ``dictionary`` as a list.</doc>
<msg timestamp="20231227 14:29:25.780" level="INFO">${page_mode} = user</msg>
<msg timestamp="20231227 14:29:25.781" level="INFO">${mode_value} = [{'home': ''}, {'education': '/education-platform'}, {'about': '/about-us'}, {'resume_builder': '/resume-builder'}, {'resume_evaluation': 'dashboard/upload-new-resume'}, {'event': '/event'}, {'job': '...</msg>
<status status="PASS" starttime="20231227 14:29:25.779" endtime="20231227 14:29:25.781"/>
</kw>
<if>
<branch type="IF" condition="'${page_mode}' == '${type}'">
<for flavor="IN">
<var>${page_path}</var>
<value>@{mode_value}</value>
<iter>
<var name="${page_path}">{'home': ''}</var>
<kw name="Get Dictionary Items" library="Collections">
<var>${path_name}</var>
<var>${path_value}</var>
<arg>${page_path}</arg>
<doc>Returns items of the given ``dictionary`` as a list.</doc>
<msg timestamp="20231227 14:29:25.786" level="INFO">${path_name} = home</msg>
<msg timestamp="20231227 14:29:25.787" level="INFO">${path_value} = </msg>
<status status="PASS" starttime="20231227 14:29:25.785" endtime="20231227 14:29:25.787"/>
</kw>
<if>
<branch type="IF" condition="'${path_name}' == '${page}'">
<kw name="Log" library="BuiltIn">
<arg>${path_value}</arg>
<doc>Logs the given message with the given level.</doc>
<status status="NOT RUN" starttime="20231227 14:29:25.789" endtime="20231227 14:29:25.789"/>
</kw>
<return>
<value>${path_value}</value>
<status status="NOT RUN" starttime="20231227 14:29:25.790" endtime="20231227 14:29:25.791"/>
</return>
<break>
<status status="NOT RUN" starttime="20231227 14:29:25.791" endtime="20231227 14:29:25.791"/>
</break>
<status status="NOT RUN" starttime="20231227 14:29:25.788" endtime="20231227 14:29:25.792"/>
</branch>
<status status="PASS" starttime="20231227 14:29:25.788" endtime="20231227 14:29:25.792"/>
</if>
<status status="PASS" starttime="20231227 14:29:25.784" endtime="20231227 14:29:25.792"/>
</iter>
<iter>
<var name="${page_path}">{'education': '/education-platform'}</var>
<kw name="Get Dictionary Items" library="Collections">
<var>${path_name}</var>
<var>${path_value}</var>
<arg>${page_path}</arg>
<doc>Returns items of the given ``dictionary`` as a list.</doc>
<msg timestamp="20231227 14:29:25.794" level="INFO">${path_name} = education</msg>
<msg timestamp="20231227 14:29:25.796" level="INFO">${path_value} = /education-platform</msg>
<status status="PASS" starttime="20231227 14:29:25.793" endtime="20231227 14:29:25.798"/>
</kw>
<if>
<branch type="IF" condition="'${path_name}' == '${page}'">
<kw name="Log" library="BuiltIn">
<arg>${path_value}</arg>
<doc>Logs the given message with the given level.</doc>
<status status="NOT RUN" starttime="20231227 14:29:25.800" endtime="20231227 14:29:25.801"/>
</kw>
<return>
<value>${path_value}</value>
<status status="NOT RUN" starttime="20231227 14:29:25.801" endtime="20231227 14:29:25.801"/>
</return>
<break>
<status status="NOT RUN" starttime="20231227 14:29:25.801" endtime="20231227 14:29:25.802"/>
</break>
<status status="NOT RUN" starttime="20231227 14:29:25.799" endtime="20231227 14:29:25.802"/>
</branch>
<status status="PASS" starttime="20231227 14:29:25.799" endtime="20231227 14:29:25.802"/>
</if>
<status status="PASS" starttime="20231227 14:29:25.792" endtime="20231227 14:29:25.802"/>
</iter>
<iter>
<var name="${page_path}">{'about': '/about-us'}</var>
<kw name="Get Dictionary Items" library="Collections">
<var>${path_name}</var>
<var>${path_value}</var>
<arg>${page_path}</arg>
<doc>Returns items of the given ``dictionary`` as a list.</doc>
<msg timestamp="20231227 14:29:25.804" level="INFO">${path_name} = about</msg>
<msg timestamp="20231227 14:29:25.804" level="INFO">${path_value} = /about-us</msg>
<status status="PASS" starttime="20231227 14:29:25.803" endtime="20231227 14:29:25.804"/>
</kw>
<if>
<branch type="IF" condition="'${path_name}' == '${page}'">
<kw name="Log" library="BuiltIn">
<arg>${path_value}</arg>
<doc>Logs the given message with the given level.</doc>
<status status="NOT RUN" starttime="20231227 14:29:25.806" endtime="20231227 14:29:25.807"/>
</kw>
<return>
<value>${path_value}</value>
<status status="NOT RUN" starttime="20231227 14:29:25.808" endtime="20231227 14:29:25.808"/>
</return>
<break>
<status status="NOT RUN" starttime="20231227 14:29:25.809" endtime="20231227 14:29:25.809"/>
</break>
<status status="NOT RUN" starttime="20231227 14:29:25.805" endtime="20231227 14:29:25.809"/>
</branch>
<status status="PASS" starttime="20231227 14:29:25.805" endtime="20231227 14:29:25.809"/>
</if>
<status status="PASS" starttime="20231227 14:29:25.802" endtime="20231227 14:29:25.809"/>
</iter>
<iter>
<var name="${page_path}">{'resume_builder': '/resume-builder'}</var>
<kw name="Get Dictionary Items" library="Collections">
<var>${path_name}</var>
<var>${path_value}</var>
<arg>${page_path}</arg>
<doc>Returns items of the given ``dictionary`` as a list.</doc>
<msg timestamp="20231227 14:29:25.812" level="INFO">${path_name} = resume_builder</msg>
<msg timestamp="20231227 14:29:25.813" level="INFO">${path_value} = /resume-builder</msg>
<status status="PASS" starttime="20231227 14:29:25.811" endtime="20231227 14:29:25.814"/>
</kw>
<if>
<branch type="IF" condition="'${path_name}' == '${page}'">
<kw name="Log" library="BuiltIn">
<arg>${path_value}</arg>
<doc>Logs the given message with the given level.</doc>
<status status="NOT RUN" starttime="20231227 14:29:25.816" endtime="20231227 14:29:25.816"/>
</kw>
<return>
<value>${path_value}</value>
<status status="NOT RUN" starttime="20231227 14:29:25.817" endtime="20231227 14:29:25.817"/>
</return>
<break>
<status status="NOT RUN" starttime="20231227 14:29:25.817" endtime="20231227 14:29:25.818"/>
</break>
<status status="NOT RUN" starttime="20231227 14:29:25.815" endtime="20231227 14:29:25.818"/>
</branch>
<status status="PASS" starttime="20231227 14:29:25.814" endtime="20231227 14:29:25.818"/>
</if>
<status status="PASS" starttime="20231227 14:29:25.810" endtime="20231227 14:29:25.818"/>
</iter>
<iter>
<var name="${page_path}">{'resume_evaluation': 'dashboard/upload-new-resume'}</var>
<kw name="Get Dictionary Items" library="Collections">
<var>${path_name}</var>
<var>${path_value}</var>
<arg>${page_path}</arg>
<doc>Returns items of the given ``dictionary`` as a list.</doc>
<msg timestamp="20231227 14:29:25.821" level="INFO">${path_name} = resume_evaluation</msg>
<msg timestamp="20231227 14:29:25.821" level="INFO">${path_value} = dashboard/upload-new-resume</msg>
<status status="PASS" starttime="20231227 14:29:25.819" endtime="20231227 14:29:25.821"/>
</kw>
<if>
<branch type="IF" condition="'${path_name}' == '${page}'">
<kw name="Log" library="BuiltIn">
<arg>${path_value}</arg>
<doc>Logs the given message with the given level.</doc>
<status status="NOT RUN" starttime="20231227 14:29:25.824" endtime="20231227 14:29:25.825"/>
</kw>
<return>
<value>${path_value}</value>
<status status="NOT RUN" starttime="20231227 14:29:25.825" endtime="20231227 14:29:25.826"/>
</return>
<break>
<status status="NOT RUN" starttime="20231227 14:29:25.826" endtime="20231227 14:29:25.826"/>
</break>
<status status="NOT RUN" starttime="20231227 14:29:25.822" endtime="20231227 14:29:25.827"/>
</branch>
<status status="PASS" starttime="20231227 14:29:25.822" endtime="20231227 14:29:25.827"/>
</if>
<status status="PASS" starttime="20231227 14:29:25.819" endtime="20231227 14:29:25.827"/>
</iter>
<iter>
<var name="${page_path}">{'event': '/event'}</var>
<kw name="Get Dictionary Items" library="Collections">
<var>${path_name}</var>
<var>${path_value}</var>
<arg>${page_path}</arg>
<doc>Returns items of the given ``dictionary`` as a list.</doc>
<msg timestamp="20231227 14:29:25.848" level="INFO">${path_name} = event</msg>
<msg timestamp="20231227 14:29:25.850" level="INFO">${path_value} = /event</msg>
<status status="PASS" starttime="20231227 14:29:25.828" endtime="20231227 14:29:25.852"/>
</kw>
<if>
<branch type="IF" condition="'${path_name}' == '${page}'">
<kw name="Log" library="BuiltIn">
<arg>${path_value}</arg>
<doc>Logs the given message with the given level.</doc>
<status status="NOT RUN" starttime="20231227 14:29:25.854" endtime="20231227 14:29:25.855"/>
</kw>
<return>
<value>${path_value}</value>
<status status="NOT RUN" starttime="20231227 14:29:25.856" endtime="20231227 14:29:25.856"/>
</return>
<break>
<status status="NOT RUN" starttime="20231227 14:29:25.858" endtime="20231227 14:29:25.859"/>
</break>
<status status="NOT RUN" starttime="20231227 14:29:25.853" endtime="20231227 14:29:25.860"/>
</branch>
<status status="PASS" starttime="20231227 14:29:25.853" endtime="20231227 14:29:25.860"/>
</if>
<status status="PASS" starttime="20231227 14:29:25.827" endtime="20231227 14:29:25.860"/>
</iter>
<iter>
<var name="${page_path}">{'job': '/job'}</var>
<kw name="Get Dictionary Items" library="Collections">
<var>${path_name}</var>
<var>${path_value}</var>
<arg>${page_path}</arg>
<doc>Returns items of the given ``dictionary`` as a list.</doc>
<msg timestamp="20231227 14:29:25.862" level="INFO">${path_name} = job</msg>
<msg timestamp="20231227 14:29:25.865" level="INFO">${path_value} = /job</msg>
<status status="PASS" starttime="20231227 14:29:25.861" endtime="20231227 14:29:25.866"/>
</kw>
<if>
<branch type="IF" condition="'${path_name}' == '${page}'">
<kw name="Log" library="BuiltIn">
<arg>${path_value}</arg>
<doc>Logs the given message with the given level.</doc>
<msg timestamp="20231227 14:29:25.869" level="INFO">/job</msg>
<status status="PASS" starttime="20231227 14:29:25.868" endtime="20231227 14:29:25.869"/>
</kw>
<return>
<value>${path_value}</value>
<status status="PASS" starttime="20231227 14:29:25.870" endtime="20231227 14:29:25.871"/>
</return>
<break>
<status status="NOT RUN" starttime="20231227 14:29:25.871" endtime="20231227 14:29:25.872"/>
</break>
<status status="PASS" starttime="20231227 14:29:25.866" endtime="20231227 14:29:25.872"/>
</branch>
<status status="PASS" starttime="20231227 14:29:25.866" endtime="20231227 14:29:25.872"/>
</if>
<status status="PASS" starttime="20231227 14:29:25.860" endtime="20231227 14:29:25.872"/>
</iter>
<status status="PASS" starttime="20231227 14:29:25.782" endtime="20231227 14:29:25.873"/>
</for>
<status status="PASS" starttime="20231227 14:29:25.782" endtime="20231227 14:29:25.873"/>
</branch>
<status status="PASS" starttime="20231227 14:29:25.782" endtime="20231227 14:29:25.873"/>
</if>
<status status="PASS" starttime="20231227 14:29:25.778" endtime="20231227 14:29:25.874"/>
</iter>
<status status="PASS" starttime="20231227 14:29:25.778" endtime="20231227 14:29:25.874"/>
</for>
<status status="PASS" starttime="20231227 14:29:25.777" endtime="20231227 14:29:25.875"/>
</branch>
<status status="PASS" starttime="20231227 14:29:25.777" endtime="20231227 14:29:25.875"/>
</if>
<status status="PASS" starttime="20231227 14:29:25.772" endtime="20231227 14:29:25.875"/>
</iter>
<status status="PASS" starttime="20231227 14:29:25.771" endtime="20231227 14:29:25.876"/>
</for>
<msg timestamp="20231227 14:29:25.876" level="INFO">${path} = /job</msg>
<status status="PASS" starttime="20231227 14:29:25.763" endtime="20231227 14:29:25.877"/>
</kw>
<kw name="Should Match" library="BuiltIn">
<arg>https://staging.karirlab.co/job</arg>
<arg>${base}${path}</arg>
<doc>Fails if the given ``string`` does not match the given ``pattern``.</doc>
<status status="PASS" starttime="20231227 14:29:25.912" endtime="20231227 14:29:25.914"/>
</kw>
<status status="PASS" starttime="20231227 14:29:25.694" endtime="20231227 14:29:25.915"/>
</test>
<status status="PASS" starttime="20231227 14:29:25.210" endtime="20231227 14:29:25.939"/>
</suite>
<status status="PASS" starttime="20231227 14:29:25.204" endtime="20231227 14:29:25.947"/>
</suite>
<status status="PASS" starttime="20231227 14:29:25.156" endtime="20231227 14:29:25.988"/>
</suite>
<statistics>
<total>
<stat pass="1" fail="0" skip="0">All Tests</stat>
</total>
<tag>
</tag>
<suite>
<stat pass="1" fail="0" skip="0" id="s1" name="Karirlab-Qa-Automation">Karirlab-Qa-Automation</stat>
<stat pass="1" fail="0" skip="0" id="s1-s1" name="Sketch">Karirlab-Qa-Automation.Sketch</stat>
<stat pass="1" fail="0" skip="0" id="s1-s1-s1" name="Debug">Karirlab-Qa-Automation.Sketch.Debug</stat>
</suite>
</statistics>
<errors>
</errors>
</robot>
