<?xml version="1.0" encoding="UTF-8"?>
<robot generator="Robot 6.1.1 (Python 3.9.12 on win32)" generated="20231205 13:18:01.374" rpa="false" schemaversion="4">
<suite id="s1" name="Karirlab-Qa-Automation" source="D:\Docs\Scripting\VS Code\karirlab-qa-automation">
<suite id="s1-s1" name="Tests" source="D:\Docs\Scripting\VS Code\karirlab-qa-automation\tests">
<suite id="s1-s1-s1" name="LANDING" source="D:\Docs\Scripting\VS Code\karirlab-qa-automation\tests\LANDING">
<suite id="s1-s1-s1-s1" name="Landing Page" source="D:\Docs\Scripting\VS Code\karirlab-qa-automation\tests\LANDING\landing_page.robot">
<test id="s1-s1-s1-s1-t1" name="Landing Page" line="13">
<kw name="Open Browser" library="SeleniumLibrary">
<doc>Opens a new browser instance to the optional ``url``.</doc>
<msg timestamp="20231205 13:18:02.193" level="INFO">Opening browser 'firefox' to base url 'None'.</msg>
<status status="PASS" starttime="20231205 13:18:02.192" endtime="20231205 13:18:10.345"/>
</kw>
<kw name="Wait Until Element Is Visible" library="SeleniumLibrary">
<arg>xpath:/html/body/div[2]/div/div[2]/div/div[2]/div</arg>
<doc>Waits until the element ``locator`` is visible.</doc>
<msg timestamp="20231205 13:18:15.420" level="INFO" html="true">&lt;/td&gt;&lt;/tr&gt;&lt;tr&gt;&lt;td colspan="3"&gt;&lt;a href="selenium-screenshot-1.png"&gt;&lt;img src="selenium-screenshot-1.png" width="800px"&gt;&lt;/a&gt;</msg>
<msg timestamp="20231205 13:18:15.421" level="FAIL">Element 'xpath:/html/body/div[2]/div/div[2]/div/div[2]/div' not visible after 5 seconds.</msg>
<status status="FAIL" starttime="20231205 13:18:10.347" endtime="20231205 13:18:15.427"/>
</kw>
<kw name="Wait Until Element Is Enabled" library="SeleniumLibrary">
<arg>xpath:/html/body/div[2]/div/div[2]/div/div[2]/button</arg>
<doc>Waits until the element ``locator`` is enabled.</doc>
<status status="NOT RUN" starttime="20231205 13:18:15.429" endtime="20231205 13:18:15.430"/>
</kw>
<kw name="Click Element" library="SeleniumLibrary">
<arg>xpath:/html/body/div[2]/div/div[2]/div/div[2]/button</arg>
<doc>Click the element identified by ``locator``.</doc>
<status status="NOT RUN" starttime="20231205 13:18:15.432" endtime="20231205 13:18:15.432"/>
</kw>
<kw name="Wait Until Element Is Visible" library="SeleniumLibrary">
<arg>${BUTTON_LOGIN}</arg>
<arg>5</arg>
<doc>Waits until the element ``locator`` is visible.</doc>
<status status="NOT RUN" starttime="20231205 13:18:15.433" endtime="20231205 13:18:15.434"/>
</kw>
<kw name="Click Element" library="SeleniumLibrary">
<arg>${BUTTON_LOGIN}</arg>
<doc>Click the element identified by ``locator``.</doc>
<status status="NOT RUN" starttime="20231205 13:18:15.435" endtime="20231205 13:18:15.436"/>
</kw>
<status status="FAIL" starttime="20231205 13:18:02.189" endtime="20231205 13:18:15.437">Element 'xpath:/html/body/div[2]/div/div[2]/div/div[2]/div' not visible after 5 seconds.</status>
</test>
<status status="FAIL" starttime="20231205 13:18:01.448" endtime="20231205 13:18:15.440"/>
</suite>
<status status="FAIL" starttime="20231205 13:18:01.436" endtime="20231205 13:18:15.446"/>
</suite>
<status status="FAIL" starttime="20231205 13:18:01.430" endtime="20231205 13:18:15.450"/>
</suite>
<status status="FAIL" starttime="20231205 13:18:01.384" endtime="20231205 13:18:15.454"/>
</suite>
<statistics>
<total>
<stat pass="0" fail="1" skip="0">All Tests</stat>
</total>
<tag>
</tag>
<suite>
<stat pass="0" fail="1" skip="0" id="s1" name="Karirlab-Qa-Automation">Karirlab-Qa-Automation</stat>
<stat pass="0" fail="1" skip="0" id="s1-s1" name="Tests">Karirlab-Qa-Automation.Tests</stat>
<stat pass="0" fail="1" skip="0" id="s1-s1-s1" name="LANDING">Karirlab-Qa-Automation.Tests.LANDING</stat>
<stat pass="0" fail="1" skip="0" id="s1-s1-s1-s1" name="Landing Page">Karirlab-Qa-Automation.Tests.LANDING.Landing Page</stat>
</suite>
</statistics>
<errors>
</errors>
</robot>
